This is pdfTeX, Version 3.141592653-2.6-1.40.24 (TeX Live 2022) (preloaded format=pdflatex 2023.2.8)  23 FEB 2023 18:06
entering extended mode
 restricted \write18 enabled.
 %&-line parsing enabled.
**thesis.tex
(./thesis.tex
LaTeX2e <2022-11-01> patch level 1
L3 programming layer <2023-02-07> (./guelphthesis.cls
Document Class: guelphthesis 2022/10/11
(/Users/sebastiansciarra/Library/TinyTeX/texmf-dist/tex/latex/base/book.cls
Document Class: book 2022/07/02 v1.4n Standard LaTeX document class
(/Users/sebastiansciarra/Library/TinyTeX/texmf-dist/tex/latex/base/bk12.clo
File: bk12.clo 2022/07/02 v1.4n Standard LaTeX file (size option)
)
\c@part=\count185
\c@chapter=\count186
\c@section=\count187
\c@subsection=\count188
\c@subsubsection=\count189
\c@paragraph=\count190
\c@subparagraph=\count191
\c@figure=\count192
\c@table=\count193
\abovecaptionskip=\skip48
\belowcaptionskip=\skip49
\bibindent=\dimen140
) (/Users/sebastiansciarra/Library/TinyTeX/texmf-dist/tex/latex/xurl/xurl.sty
Package: xurl 2022/01/09 v 0.10 modify URL breaks
(/Users/sebastiansciarra/Library/TinyTeX/texmf-dist/tex/latex/url/url.sty
\Urlmuskip=\muskip16
Package: url 2013/09/16  ver 3.4  Verb mode for urls, etc.
)) (/Users/sebastiansciarra/Library/TinyTeX/texmf-dist/tex/latex/titlecaps/titlecaps.sty
Package: titlecaps 2022/04/12\ 1.3\ Routines for setting rich-text input into Titling Caps
(/Users/sebastiansciarra/Library/TinyTeX/texmf-dist/tex/latex/ifnextok/ifnextok.sty
Package: ifnextok 2011/06/27 v0.3 test next token (UL)
) (/Users/sebastiansciarra/Library/TinyTeX/texmf-dist/tex/latex/base/ifthen.sty
Package: ifthen 2022/04/13 v1.1d Standard LaTeX ifthen package (DPC)
)
\c@lcword@index=\count194
\c@word@count=\count195
\c@lc@words=\count196
\c@dia@count=\count197
\c@arg@@@index=\count198
) (/Users/sebastiansciarra/Library/TinyTeX/texmf-dist/tex/latex/titlesec/titlesec.sty
Package: titlesec 2021/07/05 v2.14 Sectioning titles
\ttl@box=\box51
\beforetitleunit=\skip50
\aftertitleunit=\skip51
\ttl@plus=\dimen141
\ttl@minus=\dimen142
\ttl@toksa=\toks16
\titlewidth=\dimen143
\titlewidthlast=\dimen144
\titlewidthfirst=\dimen145
) (/Users/sebastiansciarra/Library/TinyTeX/texmf-dist/tex/latex/fancyhdr/fancyhdr.sty
Package: fancyhdr 2022/11/09 v4.1 Extensive control of page headers and footers
\f@nch@headwidth=\skip52
\f@nch@O@elh=\skip53
\f@nch@O@erh=\skip54
\f@nch@O@olh=\skip55
\f@nch@O@orh=\skip56
\f@nch@O@elf=\skip57
\f@nch@O@erf=\skip58
\f@nch@O@olf=\skip59
\f@nch@O@orf=\skip60
) (/Users/sebastiansciarra/Library/TinyTeX/texmf-dist/tex/latex/etoolbox/etoolbox.sty
Package: etoolbox 2020/10/05 v2.5k e-TeX tools for LaTeX (JAW)
\etb@tempcnta=\count199
) (/Users/sebastiansciarra/Library/TinyTeX/texmf-dist/tex/latex/tools/multicol.sty
Package: multicol 2021/11/30 v1.9d multicolumn formatting (FMi)
\c@tracingmulticols=\count266
\mult@box=\box52
\multicol@leftmargin=\dimen146
\c@unbalance=\count267
\c@collectmore=\count268
\doublecol@number=\count269
\multicoltolerance=\count270
\multicolpretolerance=\count271
\full@width=\dimen147
\page@free=\dimen148
\premulticols=\dimen149
\postmulticols=\dimen150
\multicolsep=\skip61
\multicolbaselineskip=\skip62
\partial@page=\box53
\last@line=\box54
\maxbalancingoverflow=\dimen151
\mult@rightbox=\box55
\mult@grightbox=\box56
\mult@firstbox=\box57
\mult@gfirstbox=\box58
\@tempa=\box59
\@tempa=\box60
\@tempa=\box61
\@tempa=\box62
\@tempa=\box63
\@tempa=\box64
\@tempa=\box65
\@tempa=\box66
\@tempa=\box67
\@tempa=\box68
\@tempa=\box69
\@tempa=\box70
\@tempa=\box71
\@tempa=\box72
\@tempa=\box73
\@tempa=\box74
\@tempa=\box75
\@tempa=\box76
\@tempa=\box77
\@tempa=\box78
\@tempa=\box79
\@tempa=\box80
\@tempa=\box81
\@tempa=\box82
\@tempa=\box83
\@tempa=\box84
\@tempa=\box85
\@tempa=\box86
\@tempa=\box87
\@tempa=\box88
\@tempa=\box89
\@tempa=\box90
\@tempa=\box91
\@tempa=\box92
\@tempa=\box93
\@tempa=\box94
\c@minrows=\count272
\c@columnbadness=\count273
\c@finalcolumnbadness=\count274
\last@try=\dimen152
\multicolovershoot=\dimen153
\multicolundershoot=\dimen154
\mult@nat@firstbox=\box95
\colbreak@box=\box96
\mc@col@check@num=\count275
) (/Users/sebastiansciarra/Library/TinyTeX/texmf-dist/tex/latex/footmisc/footmisc.sty
Package: footmisc 2022/03/08 v6.0d a miscellany of footnote facilities
\FN@temptoken=\toks17
\footnotemargin=\dimen155
\@outputbox@depth=\dimen156
Package footmisc Info: Declaring symbol style bringhurst on input line 695.
Package footmisc Info: Declaring symbol style chicago on input line 703.
Package footmisc Info: Declaring symbol style wiley on input line 712.
Package footmisc Info: Declaring symbol style lamport-robust on input line 723.
Package footmisc Info: Declaring symbol style lamport* on input line 743.
Package footmisc Info: Declaring symbol style lamport*-robust on input line 764.
) (/Users/sebastiansciarra/Library/TinyTeX/texmf-dist/tex/latex/caption/caption.sty
Package: caption 2022/03/01 v3.6b Customizing captions (AR)
(/Users/sebastiansciarra/Library/TinyTeX/texmf-dist/tex/latex/caption/caption3.sty
Package: caption3 2022/03/17 v2.3b caption3 kernel (AR)
(/Users/sebastiansciarra/Library/TinyTeX/texmf-dist/tex/latex/graphics/keyval.sty
Package: keyval 2022/05/29 v1.15 key=value parser (DPC)
\KV@toks@=\toks18
)
\caption@tempdima=\dimen157
\captionmargin=\dimen158
\caption@leftmargin=\dimen159
\caption@rightmargin=\dimen160
\caption@width=\dimen161
\caption@indent=\dimen162
\caption@parindent=\dimen163
\caption@hangindent=\dimen164
Package caption Info: Standard document class detected.
)
\c@caption@flags=\count276
\c@continuedfloat=\count277
) (/Users/sebastiansciarra/Library/TinyTeX/texmf-dist/tex/latex/threeparttable/threeparttable.sty
Package: threeparttable 2003/06/13  v 3.0
\@tempboxb=\box97
) (/Users/sebastiansciarra/Library/TinyTeX/texmf-dist/tex/latex/anyfontsize/anyfontsize.sty
Package: anyfontsize 2007/11/22 anyfontsize.sty by pts
) (/Users/sebastiansciarra/Library/TinyTeX/texmf-dist/tex/latex/base/textcomp.sty
Package: textcomp 2020/02/02 v2.0n Standard LaTeX package
) (/Users/sebastiansciarra/Library/TinyTeX/texmf-dist/tex/latex/tools/longtable.sty
Package: longtable 2021-09-01 v4.17 Multi-page Table package (DPC)
\LTleft=\skip63
\LTright=\skip64
\LTpre=\skip65
\LTpost=\skip66
\LTchunksize=\count278
\LTcapwidth=\dimen165
\LT@head=\box98
\LT@firsthead=\box99
\LT@foot=\box100
\LT@lastfoot=\box101
\LT@gbox=\box102
\LT@cols=\count279
\LT@rows=\count280
\c@LT@tables=\count281
\c@LT@chunks=\count282
\LT@p@ftn=\toks19
) (/Users/sebastiansciarra/Library/TinyTeX/texmf-dist/tex/latex/makecell/makecell.sty
Package: makecell 2009/08/03 V0.1e Managing of Tab Column Heads and Cells
(/Users/sebastiansciarra/Library/TinyTeX/texmf-dist/tex/latex/tools/array.sty
Package: array 2022/09/04 v2.5g Tabular extension package (FMi)
\col@sep=\dimen166
\ar@mcellbox=\box103
\extrarowheight=\dimen167
\NC@list=\toks20
\extratabsurround=\skip67
\backup@length=\skip68
\ar@cellbox=\box104
)
\rotheadsize=\dimen168
\c@nlinenum=\count283
\TeXr@lab=\toks21
) (/Users/sebastiansciarra/Library/TinyTeX/texmf-dist/tex/latex/placeins/placeins.sty
Package: placeins 2005/04/18  v 2.2
) (/Users/sebastiansciarra/Library/TinyTeX/texmf-dist/tex/latex/multirow/multirow.sty
Package: multirow 2021/03/15 v2.8 Span multiple rows of a table
\multirow@colwidth=\skip69
\multirow@cntb=\count284
\multirow@dima=\skip70
\bigstrutjot=\dimen169
) (/Users/sebastiansciarra/Library/TinyTeX/texmf-dist/tex/latex/wrapfig/wrapfig.sty
\wrapoverhang=\dimen170
\WF@size=\dimen171
\c@WF@wrappedlines=\count285
\WF@box=\box105
\WF@everypar=\toks22
Package: wrapfig 2003/01/31  v 3.6
) (/Users/sebastiansciarra/Library/TinyTeX/texmf-dist/tex/latex/colortbl/colortbl.sty
Package: colortbl 2022/06/20 v1.0f Color table columns (DPC)
(/Users/sebastiansciarra/Library/TinyTeX/texmf-dist/tex/latex/graphics/color.sty
Package: color 2022/01/06 v1.3d Standard LaTeX Color (DPC)
(/Users/sebastiansciarra/Library/TinyTeX/texmf-dist/tex/latex/graphics-cfg/color.cfg
File: color.cfg 2016/01/02 v1.6 sample color configuration
)
Package color Info: Driver file: pdftex.def on input line 149.
(/Users/sebastiansciarra/Library/TinyTeX/texmf-dist/tex/latex/graphics-def/pdftex.def
File: pdftex.def 2022/09/22 v1.2b Graphics/color driver for pdftex
) (/Users/sebastiansciarra/Library/TinyTeX/texmf-dist/tex/latex/graphics/mathcolor.ltx))
\everycr=\toks23
\minrowclearance=\skip71
\rownum=\count286
) (/Users/sebastiansciarra/Library/TinyTeX/texmf-dist/tex/latex/pdflscape/pdflscape.sty
Package: pdflscape 2022-10-27 v0.13 Display of landscape pages in PDF
(/Users/sebastiansciarra/Library/TinyTeX/texmf-dist/tex/latex/pdflscape/pdflscape-nometadata.sty
Package: pdflscape-nometadata 2022-10-28 v0.13 Display of landscape pages in PDF (HO)
(/Users/sebastiansciarra/Library/TinyTeX/texmf-dist/tex/generic/iftex/iftex.sty
Package: iftex 2022/02/03 v1.0f TeX engine tests
) (/Users/sebastiansciarra/Library/TinyTeX/texmf-dist/tex/latex/graphics/lscape.sty
Package: lscape 2020/05/28 v3.02 Landscape Pages (DPC)
(/Users/sebastiansciarra/Library/TinyTeX/texmf-dist/tex/latex/graphics/graphics.sty
Package: graphics 2022/03/10 v1.4e Standard LaTeX Graphics (DPC,SPQR)
(/Users/sebastiansciarra/Library/TinyTeX/texmf-dist/tex/latex/graphics/trig.sty
Package: trig 2021/08/11 v1.11 sin cos tan (DPC)
) (/Users/sebastiansciarra/Library/TinyTeX/texmf-dist/tex/latex/graphics-cfg/graphics.cfg
File: graphics.cfg 2016/06/04 v1.11 sample graphics configuration
)
Package graphics Info: Driver file: pdftex.def on input line 107.
))
Package pdflscape Info: Auto-detected driver: pdftex on input line 81.
)) (/Users/sebastiansciarra/Library/TinyTeX/texmf-dist/tex/latex/tabu/tabu.sty
Package: tabu 2019/01/11 v2.9 - flexible LaTeX tabulars (FC+tabu-fixed)
(/Users/sebastiansciarra/Library/TinyTeX/texmf-dist/tex/latex/varwidth/varwidth.sty
Package: varwidth 2009/03/30 ver 0.92;  Variable-width minipages
\@vwid@box=\box106
\sift@deathcycles=\count287
\@vwid@loff=\dimen172
\@vwid@roff=\dimen173
)
\c@taburow=\count288
\tabu@nbcols=\count289
\tabu@cnt=\count290
\tabu@Xcol=\count291
\tabu@alloc=\count292
\tabu@nested=\count293
\tabu@target=\dimen174
\tabu@spreadtarget=\dimen175
\tabu@naturalX=\dimen176
\tabucolX=\dimen177
\tabu@Xsum=\dimen178
\extrarowdepth=\dimen179
\abovetabulinesep=\dimen180
\belowtabulinesep=\dimen181
\tabustrutrule=\dimen182
\tabu@thebody=\toks24
\tabu@footnotes=\toks25
\tabu@box=\box107
\tabu@arstrutbox=\box108
\tabu@hleads=\box109
\tabu@vleads=\box110
\tabu@cellskip=\skip72
) (/Users/sebastiansciarra/Library/TinyTeX/texmf-dist/tex/generic/ulem/ulem.sty
\UL@box=\box111
\UL@hyphenbox=\box112
\UL@skip=\skip73
\UL@hook=\toks26
\UL@height=\dimen183
\UL@pe=\count294
\UL@pixel=\dimen184
\ULC@box=\box113
Package: ulem 2019/11/18
\ULdepth=\dimen185
) (/Users/sebastiansciarra/Library/TinyTeX/texmf-dist/tex/latex/amscls/amsthm.sty
Package: amsthm 2020/05/29 v2.20.6
\thm@style=\toks27
\thm@bodyfont=\toks28
\thm@headfont=\toks29
\thm@notefont=\toks30
\thm@headpunct=\toks31
\thm@preskip=\skip74
\thm@postskip=\skip75
\thm@headsep=\skip76
\dth@everypar=\toks32
) (/Users/sebastiansciarra/Library/TinyTeX/texmf-dist/tex/latex/amsmath/amsmath.sty
Package: amsmath 2022/04/08 v2.17n AMS math features
\@mathmargin=\skip77
For additional information on amsmath, use the `?' option.
(/Users/sebastiansciarra/Library/TinyTeX/texmf-dist/tex/latex/amsmath/amstext.sty
Package: amstext 2021/08/26 v2.01 AMS text
(/Users/sebastiansciarra/Library/TinyTeX/texmf-dist/tex/latex/amsmath/amsgen.sty
File: amsgen.sty 1999/11/30 v2.0 generic functions
\@emptytoks=\toks33
\ex@=\dimen186
)) (/Users/sebastiansciarra/Library/TinyTeX/texmf-dist/tex/latex/amsmath/amsbsy.sty
Package: amsbsy 1999/11/29 v1.2d Bold Symbols
\pmbraise@=\dimen187
) (/Users/sebastiansciarra/Library/TinyTeX/texmf-dist/tex/latex/amsmath/amsopn.sty
Package: amsopn 2022/04/08 v2.04 operator names
)
\inf@bad=\count295
LaTeX Info: Redefining \frac on input line 234.
\uproot@=\count296
\leftroot@=\count297
LaTeX Info: Redefining \overline on input line 399.
LaTeX Info: Redefining \colon on input line 410.
\classnum@=\count298
\DOTSCASE@=\count299
LaTeX Info: Redefining \ldots on input line 496.
LaTeX Info: Redefining \dots on input line 499.
LaTeX Info: Redefining \cdots on input line 620.
\Mathstrutbox@=\box114
\strutbox@=\box115
LaTeX Info: Redefining \big on input line 722.
LaTeX Info: Redefining \Big on input line 723.
LaTeX Info: Redefining \bigg on input line 724.
LaTeX Info: Redefining \Bigg on input line 725.
\big@size=\dimen188
LaTeX Font Info:    Redeclaring font encoding OML on input line 743.
LaTeX Font Info:    Redeclaring font encoding OMS on input line 744.
\macc@depth=\count300
LaTeX Info: Redefining \bmod on input line 905.
LaTeX Info: Redefining \pmod on input line 910.
LaTeX Info: Redefining \smash on input line 940.
LaTeX Info: Redefining \relbar on input line 970.
LaTeX Info: Redefining \Relbar on input line 971.
\c@MaxMatrixCols=\count301
\dotsspace@=\muskip17
\c@parentequation=\count302
\dspbrk@lvl=\count303
\tag@help=\toks34
\row@=\count304
\column@=\count305
\maxfields@=\count306
\andhelp@=\toks35
\eqnshift@=\dimen189
\alignsep@=\dimen190
\tagshift@=\dimen191
\tagwidth@=\dimen192
\totwidth@=\dimen193
\lineht@=\dimen194
\@envbody=\toks36
\multlinegap=\skip78
\multlinetaggap=\skip79
\mathdisplay@stack=\toks37
LaTeX Info: Redefining \[ on input line 2953.
LaTeX Info: Redefining \] on input line 2954.
) (/Users/sebastiansciarra/Library/TinyTeX/texmf-dist/tex/latex/tools/bm.sty
Package: bm 2022/01/05 v1.2f Bold Symbol Support (DPC/FMi)
\symboldoperators=\mathgroup4
\symboldletters=\mathgroup5
\symboldsymbols=\mathgroup6
Package bm Info: No bold for \OMX/cmex/m/n, using \pmb.
LaTeX Font Info:    Redeclaring math alphabet \mathbf on input line 149.
) (/Users/sebastiansciarra/Library/TinyTeX/texmf-dist/tex/latex/was/upgreek.sty
Package: upgreek 2003/02/12 v2.0 (WaS)
Package upgreek Info: Using Euler Roman for upright Greek on input line 31.
\symugrf@m=\mathgroup7
LaTeX Font Info:    Overwriting symbol font `ugrf@m' in version `bold'
(Font)                  U/eur/m/n --> U/eur/b/n on input line 38.
) (/Users/sebastiansciarra/Library/TinyTeX/texmf-dist/tex/latex/booktabs/booktabs.sty
Package: booktabs 2020/01/12 v1.61803398 Publication quality tables
\heavyrulewidth=\dimen195
\lightrulewidth=\dimen196
\cmidrulewidth=\dimen197
\belowrulesep=\dimen198
\belowbottomsep=\dimen199
\aboverulesep=\dimen256
\abovetopsep=\dimen257
\cmidrulesep=\dimen258
\cmidrulekern=\dimen259
\defaultaddspace=\dimen260
\@cmidla=\count307
\@cmidlb=\count308
\@aboverulesep=\dimen261
\@belowrulesep=\dimen262
\@thisruleclass=\count309
\@lastruleclass=\count310
\@thisrulewidth=\dimen263
) (/Users/sebastiansciarra/Library/TinyTeX/texmf-dist/tex/latex/setspace/setspace.sty
Package: setspace 2022/12/04 v6.7b set line spacing
) (/Users/sebastiansciarra/Library/TinyTeX/texmf-dist/tex/latex/xargs/xargs.sty
Package: xargs 2008/03/22 v1.1  extended macro definitions  (mpg)
(/Users/sebastiansciarra/Library/TinyTeX/texmf-dist/tex/latex/xkeyval/xkeyval.sty
Package: xkeyval 2022/06/16 v2.9 package option processing (HA)
(/Users/sebastiansciarra/Library/TinyTeX/texmf-dist/tex/generic/xkeyval/xkeyval.tex (/Users/sebastiansciarra/Library/TinyTeX/texmf-dist/tex/generic/xkeyval/xkvutils.tex
\XKV@toks=\toks38
\XKV@tempa@toks=\toks39
)
\XKV@depth=\count311
File: xkeyval.tex 2014/12/03 v2.7a key=value parser (HA)
))
\xargs@max=\count312
\xargs@toksa=\toks40
\xargs@toksb=\toks41
) (/Users/sebastiansciarra/Library/TinyTeX/texmf-dist/tex/latex/enumitem/enumitem.sty
Package: enumitem 2019/06/20 v3.9 Customized lists
\labelindent=\skip80
\enit@outerparindent=\dimen264
\enit@toks=\toks42
\enit@inbox=\box116
\enit@count@id=\count313
\enitdp@description=\count314
) (/Users/sebastiansciarra/Library/TinyTeX/texmf-dist/tex/latex/geometry/geometry.sty
Package: geometry 2020/01/02 v5.9 Page Geometry
(/Users/sebastiansciarra/Library/TinyTeX/texmf-dist/tex/generic/iftex/ifvtex.sty
Package: ifvtex 2019/10/25 v1.7 ifvtex legacy package. Use iftex instead.
)
\Gm@cnth=\count315
\Gm@cntv=\count316
\c@Gm@tempcnt=\count317
\Gm@bindingoffset=\dimen265
\Gm@wd@mp=\dimen266
\Gm@odd@mp=\dimen267
\Gm@even@mp=\dimen268
\Gm@layoutwidth=\dimen269
\Gm@layoutheight=\dimen270
\Gm@layouthoffset=\dimen271
\Gm@layoutvoffset=\dimen272
\Gm@dimlist=\toks43
) (/Users/sebastiansciarra/Library/TinyTeX/texmf-dist/tex/latex/textpos/textpos.sty
Package: textpos 2022/07/23 v1.10.1
Package textpos Info: choosing support for LaTeX3 on input line 60.
\TP@textbox=\box117
\TP@holdbox=\box118
\TPHorizModule=\dimen273
\TPVertModule=\dimen274
\TP@margin=\dimen275
\TP@absmargin=\dimen276
Grid set 16 x 16 = 37.34424pt x 52.81541pt
\TPboxrulesize=\dimen277
\TP@ox=\dimen278
\TP@oy=\dimen279
\TP@tbargs=\toks44
TextBlockOrigin set to 0pt x 0pt
) (/Users/sebastiansciarra/Library/TinyTeX/texmf-dist/tex/latex/l3packages/xparse/xparse.sty (/Users/sebastiansciarra/Library/TinyTeX/texmf-dist/tex/latex/l3kernel/expl3.sty
Package: expl3 2023-02-07 L3 programming layer (loader) 
(/Users/sebastiansciarra/Library/TinyTeX/texmf-dist/tex/latex/l3backend/l3backend-pdftex.def
File: l3backend-pdftex.def 2023-01-16 L3 backend support: PDF output (pdfTeX)
\l__color_backend_stack_int=\count318
\l__pdf_internal_box=\box119
))
Package: xparse 2023-02-02 L3 Experimental document command parser
) (/Users/sebastiansciarra/Library/TinyTeX/texmf-dist/tex/latex/fvextra/fvextra.sty
Package: fvextra 2022/11/30 v1.5 fvextra - extensions and patches for fancyvrb
(/Users/sebastiansciarra/Library/TinyTeX/texmf-dist/tex/latex/fancyvrb/fancyvrb.sty
Package: fancyvrb 2023/01/19 4.5a verbatim text (tvz,hv)
\FV@CodeLineNo=\count319
\FV@InFile=\read2
\FV@TabBox=\box120
\c@FancyVerbLine=\count320
\FV@StepNumber=\count321
\FV@OutFile=\write3
) (/Users/sebastiansciarra/Library/TinyTeX/texmf-dist/tex/latex/upquote/upquote.sty
Package: upquote 2012/04/19 v1.3 upright-quote and grave-accent glyphs in verbatim
) (/Users/sebastiansciarra/Library/TinyTeX/texmf-dist/tex/latex/lineno/lineno.sty
Package: lineno 2023/01/19 line numbers on paragraphs v5.1
\linenopenalty=\count322
\output=\toks45
\linenoprevgraf=\count323
\linenumbersep=\dimen280
\linenumberwidth=\dimen281
\c@linenumber=\count324
\c@pagewiselinenumber=\count325
\c@LN@truepage=\count326
\c@internallinenumber=\count327
\c@internallinenumbers=\count328
\quotelinenumbersep=\dimen282
\bframerule=\dimen283
\bframesep=\dimen284
\bframebox=\box121
\linenoamsmath@ams@eqpen=\count329
LaTeX Info: Redefining \\ on input line 3131.
)
\c@FV@TrueTabGroupLevel=\count330
\c@FV@TrueTabCounter=\count331
\FV@TabBox@Group=\box122
\FV@TmpLength=\skip81
\c@FV@HighlightLinesStart=\count332
\c@FV@HighlightLinesStop=\count333
\FV@LoopCount=\count334
\FV@NCharsBox=\box123
\FV@BreakIndent=\dimen285
\FV@BreakIndentNChars=\count335
\FV@BreakSymbolSepLeft=\dimen286
\FV@BreakSymbolSepLeftNChars=\count336
\FV@BreakSymbolSepRight=\dimen287
\FV@BreakSymbolSepRightNChars=\count337
\FV@BreakSymbolIndentLeft=\dimen288
\FV@BreakSymbolIndentLeftNChars=\count338
\FV@BreakSymbolIndentRight=\dimen289
\FV@BreakSymbolIndentRightNChars=\count339
\c@FancyVerbLineBreakLast=\count340
\FV@LineBox=\box124
\FV@LineIndentBox=\box125
\c@FV@BreakBufferDepth=\count341
\FV@LineWidth=\dimen290
) (/Users/sebastiansciarra/Library/TinyTeX/texmf-dist/tex/latex/framed/framed.sty
Package: framed 2011/10/22 v 0.96: framed or shaded text with page breaks
\OuterFrameSep=\skip82
\fb@frw=\dimen291
\fb@frh=\dimen292
\FrameRule=\dimen293
\FrameSep=\dimen294
) (/Users/sebastiansciarra/Library/TinyTeX/texmf-dist/tex/latex/float/float.sty
Package: float 2001/11/08 v1.3d Float enhancements (AL)
\c@float@type=\count342
\float@exts=\toks46
\float@box=\box126
\@float@everytoks=\toks47
\@floatcapt=\box127
)
\@float@every@chunk=\toks48
\c@chunk=\count343
) (/Users/sebastiansciarra/Library/TinyTeX/texmf-dist/tex/latex/tocloft/tocloft.sty
Package: tocloft 2017/08/31 v2.3i parameterised ToC, etc., typesetting
Package tocloft Info: The document has chapter divisions on input line 51.
\cftparskip=\skip83
\cftbeforetoctitleskip=\skip84
\cftaftertoctitleskip=\skip85
\cftbeforepartskip=\skip86
\cftpartnumwidth=\skip87
\cftpartindent=\skip88
\cftbeforechapskip=\skip89
\cftchapindent=\skip90
\cftchapnumwidth=\skip91
\cftbeforesecskip=\skip92
\cftsecindent=\skip93
\cftsecnumwidth=\skip94
\cftbeforesubsecskip=\skip95
\cftsubsecindent=\skip96
\cftsubsecnumwidth=\skip97
\cftbeforesubsubsecskip=\skip98
\cftsubsubsecindent=\skip99
\cftsubsubsecnumwidth=\skip100
\cftbeforeparaskip=\skip101
\cftparaindent=\skip102
\cftparanumwidth=\skip103
\cftbeforesubparaskip=\skip104
\cftsubparaindent=\skip105
\cftsubparanumwidth=\skip106
\cftbeforeloftitleskip=\skip107
\cftafterloftitleskip=\skip108
\cftbeforefigskip=\skip109
\cftfigindent=\skip110
\cftfignumwidth=\skip111
\c@lofdepth=\count344
\c@lotdepth=\count345
\cftbeforelottitleskip=\skip112
\cftafterlottitleskip=\skip113
\cftbeforetabskip=\skip114
\cfttabindent=\skip115
\cfttabnumwidth=\skip116
) (/Users/sebastiansciarra/Library/TinyTeX/texmf-dist/tex/latex/graphics/graphicx.sty
Package: graphicx 2021/09/16 v1.2d Enhanced LaTeX Graphics (DPC,SPQR)
\Gin@req@height=\dimen295
\Gin@req@width=\dimen296
) (/Users/sebastiansciarra/Library/TinyTeX/texmf-dist/tex/latex/base/latexsym.sty
Package: latexsym 1998/08/17 v2.2e Standard LaTeX package (lasy symbols)
\symlasy=\mathgroup8
LaTeX Font Info:    Overwriting symbol font `lasy' in version `bold'
(Font)                  U/lasy/m/n --> U/lasy/b/n on input line 52.
) (/Users/sebastiansciarra/Library/TinyTeX/texmf-dist/tex/latex/amsfonts/amssymb.sty
Package: amssymb 2013/01/14 v3.01 AMS font symbols
(/Users/sebastiansciarra/Library/TinyTeX/texmf-dist/tex/latex/amsfonts/amsfonts.sty
Package: amsfonts 2013/01/14 v3.01 Basic AMSFonts support
\symAMSa=\mathgroup9
\symAMSb=\mathgroup10
LaTeX Font Info:    Redeclaring math symbol \hbar on input line 98.
LaTeX Font Info:    Overwriting math alphabet `\mathfrak' in version `bold'
(Font)                  U/euf/m/n --> U/euf/b/n on input line 106.
)) (/Users/sebastiansciarra/Library/TinyTeX/texmf-dist/tex/latex/lm/lmodern.sty
Package: lmodern 2015/05/01 v1.6.1 Latin Modern Fonts
LaTeX Font Info:    Overwriting symbol font `operators' in version `normal'
(Font)                  OT1/cmr/m/n --> OT1/lmr/m/n on input line 22.
LaTeX Font Info:    Overwriting symbol font `letters' in version `normal'
(Font)                  OML/cmm/m/it --> OML/lmm/m/it on input line 23.
LaTeX Font Info:    Overwriting symbol font `symbols' in version `normal'
(Font)                  OMS/cmsy/m/n --> OMS/lmsy/m/n on input line 24.
LaTeX Font Info:    Overwriting symbol font `largesymbols' in version `normal'
(Font)                  OMX/cmex/m/n --> OMX/lmex/m/n on input line 25.
LaTeX Font Info:    Overwriting symbol font `operators' in version `bold'
(Font)                  OT1/cmr/bx/n --> OT1/lmr/bx/n on input line 26.
LaTeX Font Info:    Overwriting symbol font `letters' in version `bold'
(Font)                  OML/cmm/b/it --> OML/lmm/b/it on input line 27.
LaTeX Font Info:    Overwriting symbol font `symbols' in version `bold'
(Font)                  OMS/cmsy/b/n --> OMS/lmsy/b/n on input line 28.
LaTeX Font Info:    Overwriting symbol font `largesymbols' in version `bold'
(Font)                  OMX/cmex/m/n --> OMX/lmex/m/n on input line 29.
LaTeX Font Info:    Overwriting math alphabet `\mathbf' in version `normal'
(Font)                  OT1/cmr/bx/n --> OT1/lmr/bx/n on input line 31.
LaTeX Font Info:    Overwriting math alphabet `\mathsf' in version `normal'
(Font)                  OT1/cmss/m/n --> OT1/lmss/m/n on input line 32.
LaTeX Font Info:    Overwriting math alphabet `\mathit' in version `normal'
(Font)                  OT1/cmr/m/it --> OT1/lmr/m/it on input line 33.
LaTeX Font Info:    Overwriting math alphabet `\mathtt' in version `normal'
(Font)                  OT1/cmtt/m/n --> OT1/lmtt/m/n on input line 34.
LaTeX Font Info:    Overwriting math alphabet `\mathbf' in version `bold'
(Font)                  OT1/cmr/bx/n --> OT1/lmr/bx/n on input line 35.
LaTeX Font Info:    Overwriting math alphabet `\mathsf' in version `bold'
(Font)                  OT1/cmss/bx/n --> OT1/lmss/bx/n on input line 36.
LaTeX Font Info:    Overwriting math alphabet `\mathit' in version `bold'
(Font)                  OT1/cmr/bx/it --> OT1/lmr/bx/it on input line 37.
LaTeX Font Info:    Overwriting math alphabet `\mathtt' in version `bold'
(Font)                  OT1/cmtt/m/n --> OT1/lmtt/m/n on input line 38.
) (/Users/sebastiansciarra/Library/TinyTeX/texmf-dist/tex/latex/tools/calc.sty
Package: calc 2017/05/25 v4.3 Infix arithmetic (KKT,FJ)
\calc@Acount=\count346
\calc@Bcount=\count347
\calc@Adimen=\dimen297
\calc@Bdimen=\dimen298
\calc@Askip=\skip117
\calc@Bskip=\skip118
LaTeX Info: Redefining \setlength on input line 80.
LaTeX Info: Redefining \addtolength on input line 81.
\calc@Ccount=\count348
\calc@Cskip=\skip119
) (/Users/sebastiansciarra/Library/TinyTeX/texmf-dist/tex/latex/graphics/rotating.sty
Package: rotating 2016/08/11 v2.16d rotated objects in LaTeX
\c@r@tfl@t=\count349
\rotFPtop=\skip120
\rotFPbot=\skip121
\rot@float@box=\box128
\rot@mess@toks=\toks49
) (/Users/sebastiansciarra/Library/TinyTeX/texmf-dist/tex/latex/tocbibind/tocbibind.sty
Package: tocbibind 2010/10/13 v1.5k extra ToC listings
Package tocbibind Info: The document has chapter divisions on input line 50.

Package tocbibind Note: Using chapter style headings, unless overridden.

) (/Users/sebastiansciarra/Library/TinyTeX/texmf-dist/tex/latex/tools/indentfirst.sty
Package: indentfirst 1995/11/23 v1.03 Indent first paragraph (DPC)
) (/Users/sebastiansciarra/Library/TinyTeX/texmf-dist/tex/latex/draftwatermark/draftwatermark.sty
Package: draftwatermark 2020/12/08 3.0 Put a gray textual watermark on document pages
(/Users/sebastiansciarra/Library/TinyTeX/texmf-dist/tex/latex/kvoptions/kvoptions.sty
Package: kvoptions 2022-06-15 v3.15 Key value format for package options (HO)
(/Users/sebastiansciarra/Library/TinyTeX/texmf-dist/tex/generic/ltxcmds/ltxcmds.sty
Package: ltxcmds 2020-05-10 v1.25 LaTeX kernel commands for general use (HO)
) (/Users/sebastiansciarra/Library/TinyTeX/texmf-dist/tex/latex/kvsetkeys/kvsetkeys.sty
Package: kvsetkeys 2022-10-05 v1.19 Key value parser (HO)
)))
\c@app=\count350
\cftbeforeappskip=\skip122
\cftappindent=\skip123
\cftappnumwidth=\skip124
\c@loadepth=\count351
\cftbeforeloatitleskip=\skip125
\cftafterloatitleskip=\skip126
(/Users/sebastiansciarra/Library/TinyTeX/texmf-dist/tex/latex/chngcntr/chngcntr.sty
Package: chngcntr 2018/04/09 v1.1a change counter resetting
Package chngcntr Info: \counterwithout already defined.
(chngcntr)             Quitting chngcntr on input line 21.
)
\c@secapp=\count352
\cftbeforesecappskip=\skip127
\cftsecappindent=\skip128
\cftsecappnumwidth=\skip129
\c@subapp=\count353
\cftbeforesubappskip=\skip130
\cftsubappindent=\skip131
\cftsubappnumwidth=\skip132
\c@subsubapp=\count354
\cftbeforesubsubappskip=\skip133
\cftsubsubappindent=\skip134
\cftsubsubappnumwidth=\skip135
\c@paraapp=\count355
\cftbeforeparaappskip=\skip136
\cftparaappindent=\skip137
\cftparaappnumwidth=\skip138
\c@subparaapp=\count356
\cftbeforesubparaappskip=\skip139
\cftsubparaappindent=\skip140
\cftsubparaappnumwidth=\skip141
\c@subsubparaapp=\count357
\cftbeforesubsubparaappskip=\skip142
\cftsubsubparaappindent=\skip143
\cftsubsubparaappnumwidth=\skip144
\c@abb=\count358
\cftbeforeabbskip=\skip145
\cftabbindent=\skip146
\cftabbnumwidth=\skip147
\c@loabdepth=\count359
\cftbeforeloabtitleskip=\skip148
\cftafterloabtitleskip=\skip149
(/Users/sebastiansciarra/Library/TinyTeX/texmf-dist/tex/latex/hyperref/hyperref.sty
Package: hyperref 2022-11-13 v7.00u Hypertext links for LaTeX
(/Users/sebastiansciarra/Library/TinyTeX/texmf-dist/tex/generic/pdftexcmds/pdftexcmds.sty
Package: pdftexcmds 2020-06-27 v0.33 Utility functions of pdfTeX for LuaTeX (HO)
(/Users/sebastiansciarra/Library/TinyTeX/texmf-dist/tex/generic/infwarerr/infwarerr.sty
Package: infwarerr 2019/12/03 v1.5 Providing info/warning/error messages (HO)
)
Package pdftexcmds Info: \pdf@primitive is available.
Package pdftexcmds Info: \pdf@ifprimitive is available.
Package pdftexcmds Info: \pdfdraftmode found.
) (/Users/sebastiansciarra/Library/TinyTeX/texmf-dist/tex/generic/kvdefinekeys/kvdefinekeys.sty
Package: kvdefinekeys 2019-12-19 v1.6 Define keys (HO)
) (/Users/sebastiansciarra/Library/TinyTeX/texmf-dist/tex/generic/pdfescape/pdfescape.sty
Package: pdfescape 2019/12/09 v1.15 Implements pdfTeX's escape features (HO)
) (/Users/sebastiansciarra/Library/TinyTeX/texmf-dist/tex/latex/hycolor/hycolor.sty
Package: hycolor 2020-01-27 v1.10 Color options for hyperref/bookmark (HO)
) (/Users/sebastiansciarra/Library/TinyTeX/texmf-dist/tex/latex/letltxmacro/letltxmacro.sty
Package: letltxmacro 2019/12/03 v1.6 Let assignment for LaTeX macros (HO)
) (/Users/sebastiansciarra/Library/TinyTeX/texmf-dist/tex/latex/auxhook/auxhook.sty
Package: auxhook 2019-12-17 v1.6 Hooks for auxiliary files (HO)
) (/Users/sebastiansciarra/Library/TinyTeX/texmf-dist/tex/latex/hyperref/nameref.sty
Package: nameref 2022-05-17 v2.50 Cross-referencing by name of section
(/Users/sebastiansciarra/Library/TinyTeX/texmf-dist/tex/latex/refcount/refcount.sty
Package: refcount 2019/12/15 v3.6 Data extraction from label references (HO)
) (/Users/sebastiansciarra/Library/TinyTeX/texmf-dist/tex/generic/gettitlestring/gettitlestring.sty
Package: gettitlestring 2019/12/15 v1.6 Cleanup title references (HO)
)
\c@section@level=\count360
)
\@linkdim=\dimen299
\Hy@linkcounter=\count361
\Hy@pagecounter=\count362
(/Users/sebastiansciarra/Library/TinyTeX/texmf-dist/tex/latex/hyperref/pd1enc.def
File: pd1enc.def 2022-11-13 v7.00u Hyperref: PDFDocEncoding definition (HO)
Now handling font encoding PD1 ...
... no UTF-8 mapping file for font encoding PD1
) (/Users/sebastiansciarra/Library/TinyTeX/texmf-dist/tex/generic/intcalc/intcalc.sty
Package: intcalc 2019/12/15 v1.3 Expandable calculations with integers (HO)
) (/Users/sebastiansciarra/Library/TinyTeX/texmf-dist/tex/generic/etexcmds/etexcmds.sty
Package: etexcmds 2019/12/15 v1.7 Avoid name clashes with e-TeX commands (HO)
)
\Hy@SavedSpaceFactor=\count363
(/Users/sebastiansciarra/Library/TinyTeX/texmf-dist/tex/latex/hyperref/puenc.def
File: puenc.def 2022-11-13 v7.00u Hyperref: PDF Unicode definition (HO)
Now handling font encoding PU ...
... no UTF-8 mapping file for font encoding PU
)
Package hyperref Info: Hyper figures OFF on input line 4162.
Package hyperref Info: Link nesting OFF on input line 4167.
Package hyperref Info: Hyper index ON on input line 4170.
Package hyperref Info: Plain pages OFF on input line 4177.
Package hyperref Info: Backreferencing OFF on input line 4182.
Package hyperref Info: Implicit mode ON; LaTeX internals redefined.
Package hyperref Info: Bookmarks ON on input line 4410.
\c@Hy@tempcnt=\count364
LaTeX Info: Redefining \url on input line 4748.
\XeTeXLinkMargin=\dimen300
(/Users/sebastiansciarra/Library/TinyTeX/texmf-dist/tex/generic/bitset/bitset.sty
Package: bitset 2019/12/09 v1.3 Handle bit-vector datatype (HO)
(/Users/sebastiansciarra/Library/TinyTeX/texmf-dist/tex/generic/bigintcalc/bigintcalc.sty
Package: bigintcalc 2019/12/15 v1.5 Expandable calculations on big integers (HO)
))
\Fld@menulength=\count365
\Field@Width=\dimen301
\Fld@charsize=\dimen302
Package hyperref Info: Hyper figures OFF on input line 6027.
Package hyperref Info: Link nesting OFF on input line 6032.
Package hyperref Info: Hyper index ON on input line 6035.
Package hyperref Info: backreferencing OFF on input line 6042.
Package hyperref Info: Link coloring OFF on input line 6047.
Package hyperref Info: Link coloring with OCG OFF on input line 6052.
Package hyperref Info: PDF/A mode OFF on input line 6057.
(/Users/sebastiansciarra/Library/TinyTeX/texmf-dist/tex/latex/base/atbegshi-ltx.sty
Package: atbegshi-ltx 2021/01/10 v1.0c Emulation of the original atbegshi
package with kernel methods
)
\Hy@abspage=\count366
\c@Item=\count367
\c@Hfootnote=\count368
)
Package hyperref Info: Driver (autodetected): hpdftex.
(/Users/sebastiansciarra/Library/TinyTeX/texmf-dist/tex/latex/hyperref/hpdftex.def
File: hpdftex.def 2022-11-13 v7.00u Hyperref driver for pdfTeX
(/Users/sebastiansciarra/Library/TinyTeX/texmf-dist/tex/latex/base/atveryend-ltx.sty
Package: atveryend-ltx 2020/08/19 v1.0a Emulation of the original atveryend package
with kernel methods
)
\Fld@listcount=\count369
\c@bookmark@seq@number=\count370
(/Users/sebastiansciarra/Library/TinyTeX/texmf-dist/tex/latex/rerunfilecheck/rerunfilecheck.sty
Package: rerunfilecheck 2022-07-10 v1.10 Rerun checks for auxiliary files (HO)
(/Users/sebastiansciarra/Library/TinyTeX/texmf-dist/tex/generic/uniquecounter/uniquecounter.sty
Package: uniquecounter 2019/12/15 v1.4 Provide unlimited unique counter (HO)
)
Package uniquecounter Info: New unique counter `rerunfilecheck' on input line 285.
)
\Hy@SectionHShift=\skip150
) (/Users/sebastiansciarra/Library/TinyTeX/texmf-dist/tex/latex/biblatex/biblatex.sty
Package: biblatex 2022/07/12 v3.18b programmable bibliographies (PK/MW)
(/Users/sebastiansciarra/Library/TinyTeX/texmf-dist/tex/latex/logreq/logreq.sty
Package: logreq 2010/08/04 v1.0 xml request logger
\lrq@indent=\count371
(/Users/sebastiansciarra/Library/TinyTeX/texmf-dist/tex/latex/logreq/logreq.def
File: logreq.def 2010/08/04 v1.0 logreq spec v1.0
))
\c@tabx@nest=\count372
\c@listtotal=\count373
\c@listcount=\count374
\c@liststart=\count375
\c@liststop=\count376
\c@citecount=\count377
\c@citetotal=\count378
\c@multicitecount=\count379
\c@multicitetotal=\count380
\c@instcount=\count381
\c@maxnames=\count382
\c@minnames=\count383
\c@maxitems=\count384
\c@minitems=\count385
\c@citecounter=\count386
\c@maxcitecounter=\count387
\c@savedcitecounter=\count388
\c@uniquelist=\count389
\c@uniquename=\count390
\c@refsection=\count391
\c@refsegment=\count392
\c@maxextratitle=\count393
\c@maxextratitleyear=\count394
\c@maxextraname=\count395
\c@maxextradate=\count396
\c@maxextraalpha=\count397
\c@abbrvpenalty=\count398
\c@highnamepenalty=\count399
\c@lownamepenalty=\count400
\c@maxparens=\count401
\c@parenlevel=\count402
\blx@tempcnta=\count403
\blx@tempcntb=\count404
\blx@tempcntc=\count405
\c@blx@maxsection=\count406
\blx@maxsegment@0=\count407
\blx@notetype=\count408
\blx@parenlevel@text=\count409
\blx@parenlevel@foot=\count410
\blx@sectionciteorder@0=\count411
\blx@sectionciteorderinternal@0=\count412
\blx@entrysetcounter=\count413
\blx@biblioinstance=\count414
\labelnumberwidth=\skip151
\labelalphawidth=\skip152
\biblabelsep=\skip153
\bibitemsep=\skip154
\bibnamesep=\skip155
\bibinitsep=\skip156
\bibparsep=\skip157
\bibhang=\skip158
\blx@bcfin=\read3
\blx@bcfout=\write4
\blx@langwohyphens=\language3
\c@mincomprange=\count415
\c@maxcomprange=\count416
\c@mincompwidth=\count417
Package biblatex Info: Trying to load biblatex default data model...
Package biblatex Info: ... file 'blx-dm.def' found.
(/Users/sebastiansciarra/Library/TinyTeX/texmf-dist/tex/latex/biblatex/blx-dm.def
File: blx-dm.def 2022/07/12 v3.18b biblatex localization (PK/MW)
)
Package biblatex Info: Trying to load biblatex style data model...
Package biblatex Info: ... file 'apa.dbx' found.
(/Users/sebastiansciarra/Library/TinyTeX/texmf-dist/tex/latex/biblatex-apa/apa.dbx
File: apa.dbx 2022/06/22 v9.16 APA biblatex style data model
)
Package biblatex Info: Trying to load biblatex custom data model...
Package biblatex Info: ... file 'biblatex-dm.cfg' not found.
\c@afterword=\count418
\c@savedafterword=\count419
\c@annotator=\count420
\c@savedannotator=\count421
\c@author=\count422
\c@savedauthor=\count423
\c@bookauthor=\count424
\c@savedbookauthor=\count425
\c@commentator=\count426
\c@savedcommentator=\count427
\c@editor=\count428
\c@savededitor=\count429
\c@editora=\count430
\c@savededitora=\count431
\c@editorb=\count432
\c@savededitorb=\count433
\c@editorc=\count434
\c@savededitorc=\count435
\c@foreword=\count436
\c@savedforeword=\count437
\c@holder=\count438
\c@savedholder=\count439
\c@introduction=\count440
\c@savedintroduction=\count441
\c@namea=\count442
\c@savednamea=\count443
\c@nameb=\count444
\c@savednameb=\count445
\c@namec=\count446
\c@savednamec=\count447
\c@translator=\count448
\c@savedtranslator=\count449
\c@shortauthor=\count450
\c@savedshortauthor=\count451
\c@shorteditor=\count452
\c@savedshorteditor=\count453
\c@narrator=\count454
\c@savednarrator=\count455
\c@execproducer=\count456
\c@savedexecproducer=\count457
\c@execdirector=\count458
\c@savedexecdirector=\count459
\c@with=\count460
\c@savedwith=\count461
\c@labelname=\count462
\c@savedlabelname=\count463
\c@institution=\count464
\c@savedinstitution=\count465
\c@lista=\count466
\c@savedlista=\count467
\c@listb=\count468
\c@savedlistb=\count469
\c@listc=\count470
\c@savedlistc=\count471
\c@listd=\count472
\c@savedlistd=\count473
\c@liste=\count474
\c@savedliste=\count475
\c@listf=\count476
\c@savedlistf=\count477
\c@location=\count478
\c@savedlocation=\count479
\c@organization=\count480
\c@savedorganization=\count481
\c@origlocation=\count482
\c@savedoriglocation=\count483
\c@origpublisher=\count484
\c@savedorigpublisher=\count485
\c@publisher=\count486
\c@savedpublisher=\count487
\c@language=\count488
\c@savedlanguage=\count489
\c@origlanguage=\count490
\c@savedoriglanguage=\count491
\c@citation=\count492
\c@savedcitation=\count493
\c@pageref=\count494
\c@savedpageref=\count495
\shorthandwidth=\skip159
\shortjournalwidth=\skip160
\shortserieswidth=\skip161
\shorttitlewidth=\skip162
\shortauthorwidth=\skip163
\shorteditorwidth=\skip164
\locallabelnumberwidth=\skip165
\locallabelalphawidth=\skip166
\localshorthandwidth=\skip167
\localshortjournalwidth=\skip168
\localshortserieswidth=\skip169
\localshorttitlewidth=\skip170
\localshortauthorwidth=\skip171
\localshorteditorwidth=\skip172
Package biblatex Info: Trying to load compatibility code...
Package biblatex Info: ... file 'blx-compat.def' found.
(/Users/sebastiansciarra/Library/TinyTeX/texmf-dist/tex/latex/biblatex/blx-compat.def
File: blx-compat.def 2022/07/12 v3.18b biblatex compatibility (PK/MW)
)
Package biblatex Info: Trying to load generic definitions...
Package biblatex Info: ... file 'biblatex.def' found.
(/Users/sebastiansciarra/Library/TinyTeX/texmf-dist/tex/latex/biblatex/biblatex.def
File: biblatex.def 2022/07/12 v3.18b biblatex compatibility (PK/MW)
\c@textcitecount=\count496
\c@textcitetotal=\count497
\c@textcitemaxnames=\count498
\c@biburlbigbreakpenalty=\count499
\c@biburlbreakpenalty=\count500
\c@biburlnumpenalty=\count501
\c@biburlucpenalty=\count502
\c@biburllcpenalty=\count503
\biburlbigskip=\muskip18
\biburlnumskip=\muskip19
\biburlucskip=\muskip20
\biburllcskip=\muskip21
\c@smartand=\count504
)
Package biblatex Info: Trying to load bibliography style 'apa'...
Package biblatex Info: ... file 'apa.bbx' found.
(/Users/sebastiansciarra/Library/TinyTeX/texmf-dist/tex/latex/biblatex-apa/apa.bbx
File: apa.bbx 2022/06/22 v9.16 APA biblatex references style
Package biblatex Info: Trying to load bibliography style 'standard'...
Package biblatex Info: ... file 'standard.bbx' found.
(/Users/sebastiansciarra/Library/TinyTeX/texmf-dist/tex/latex/biblatex/bbx/standard.bbx
File: standard.bbx 2022/07/12 v3.18b biblatex bibliography style (PK/MW)
\c@bbx:relatedcount=\count505
\c@bbx:relatedtotal=\count506
)
Package biblatex Info: Delimiter 'nameyeardelim' in context 'bib' already defined, overwriting.
Package biblatex Info: Delimiter 'nameyeardelim' in context 'biblist' already defined, overwriting.
Package biblatex Info: Delimiter 'nonameyeardelim' in context 'bib' already defined, overwriting.
Package biblatex Info: Delimiter 'nonameyeardelim' in context 'biblist' already defined, overwriting.
)
Package biblatex Info: Trying to load citation style 'apa'...
Package biblatex Info: ... file 'apa.cbx' found.
(/Users/sebastiansciarra/Library/TinyTeX/texmf-dist/tex/latex/biblatex-apa/apa.cbx
File: apa.cbx 2022/06/22 v9.16 APA biblatex citation style
Package biblatex Info: Delimiter 'nameyeardelim' in context '' already defined, overwriting.
Package biblatex Info: Delimiter 'andothersdelim' in context '' already defined, overwriting.
Package biblatex Info: Redefining '\fullcite'.
Package biblatex Info: Redefining '\citeauthor'.
Package biblatex Info: Redefining '\citeyear'.
Package biblatex Info: Redefining '\cite'.
Package biblatex Info: Redefining '\cites'.
Package biblatex Info: Redefining '\parencite'.
Package biblatex Info: Redefining '\parencites'.
Package biblatex Info: Redefining '\footcite'.
Package biblatex Info: Redefining '\footcites'.
Package biblatex Info: Redefining '\footcitetext'.
Package biblatex Info: Redefining '\footcitetexts'.
Package biblatex Info: Redefining '\smartcite'.
Package biblatex Info: Redefining '\smartcites'.
Package biblatex Info: Redefining '\textcite'.
Package biblatex Info: Redefining '\textcites'.
)
Package biblatex Info: Trying to load configuration file...
Package biblatex Info: ... file 'biblatex.cfg' found.
(/Users/sebastiansciarra/Library/TinyTeX/texmf-dist/tex/latex/biblatex/biblatex.cfg
File: biblatex.cfg 
)
Package biblatex Info: Input encoding 'utf8' detected.
Package biblatex Info: Document encoding is UTF8 ....
Package biblatex Info: ... and expl3
(biblatex)             2023-02-07 L3 programming layer (loader) 
(biblatex)             is new enough (at least 2020/04/06),
(biblatex)             setting 'casechanger=expl3'.
(/Users/sebastiansciarra/Library/TinyTeX/texmf-dist/tex/latex/biblatex/blx-case-expl3.sty
Package: blx-case-expl3 2022/07/12 v3.18b expl3 case changing code for biblatex
))
Package hyperref Info: Option `bookmarksopen' set `true' on input line 549.

Package hyperref Warning: Option `backref' has already been used,
(hyperref)                setting the option has no effect on input line 549.

(/Users/sebastiansciarra/Library/TinyTeX/texmf-dist/tex/latex/hypernat/hypernat.sty
Package: hypernat 2001/07/09 v1.0b hyperref and natbib compatibility (jb)
)
Package hyperref Info: Option `bookmarksopen' set `true' on input line 568.
Package hyperref Info: Option `hypertexnames' set `true' on input line 568.
Package hyperref Info: Option `colorlinks' set `true' on input line 568.
Package hyperref Info: Option `breaklinks' set `true' on input line 568.

Package hyperref Warning: Option `backref' has already been used,
(hyperref)                setting the option has no effect on input line 568.

\c@theorem=\count507
\c@example=\count508
(/Users/sebastiansciarra/Library/TinyTeX/texmf-dist/tex/latex/threeparttablex/threeparttablex.sty
Package: threeparttablex 2013/07/23 v0.3 by daleif
(/Users/sebastiansciarra/Library/TinyTeX/texmf-dist/tex/latex/environ/environ.sty
Package: environ 2014/05/04 v0.3 A new way to define environments
(/Users/sebastiansciarra/Library/TinyTeX/texmf-dist/tex/latex/trimspaces/trimspaces.sty
Package: trimspaces 2009/09/17 v1.1 Trim spaces around a token list
))
\TPTL@width=\skip173
) (/Users/sebastiansciarra/Library/TinyTeX/texmf-dist/tex/latex/xcolor/xcolor.sty
Package: xcolor 2022/06/12 v2.14 LaTeX color extensions (UK)
(/Users/sebastiansciarra/Library/TinyTeX/texmf-dist/tex/latex/graphics-cfg/color.cfg
File: color.cfg 2016/01/02 v1.6 sample color configuration
)
Package xcolor Info: Driver file: pdftex.def on input line 227.
LaTeX Info: Redefining \color on input line 711.
(/Users/sebastiansciarra/Library/TinyTeX/texmf-dist/tex/latex/graphics/mathcolor.ltx)
Package xcolor Info: Model `cmy' substituted by `cmy0' on input line 1353.
Package xcolor Info: Model `hsb' substituted by `rgb' on input line 1357.
Package xcolor Info: Model `RGB' extended on input line 1369.
Package xcolor Info: Model `HTML' substituted by `rgb' on input line 1371.
Package xcolor Info: Model `Hsb' substituted by `hsb' on input line 1372.
Package xcolor Info: Model `tHsb' substituted by `hsb' on input line 1373.
Package xcolor Info: Model `HSB' substituted by `hsb' on input line 1374.
Package xcolor Info: Model `Gray' substituted by `gray' on input line 1375.
Package xcolor Info: Model `wave' substituted by `hsb' on input line 1376.
)
\@quotelevel=\count509
\@quotereset=\count510
LaTeX Font Info:    Trying to load font information for OT1+lmr on input line 599.
(/Users/sebastiansciarra/Library/TinyTeX/texmf-dist/tex/latex/lm/ot1lmr.fd
File: ot1lmr.fd 2015/05/01 v1.6.1 Font defs for Latin Modern
) (./thesis.aux

LaTeX Warning: Label `tab:systematicReviewCount' multiply defined.


LaTeX Warning: Label `tab:systematicReview' multiply defined.


LaTeX Warning: Label `tab:measurementDays' multiply defined.

)
\openout1 = `thesis.aux'.

LaTeX Font Info:    Checking defaults for OML/cmm/m/it on input line 599.
LaTeX Font Info:    ... okay on input line 599.
LaTeX Font Info:    Checking defaults for OMS/cmsy/m/n on input line 599.
LaTeX Font Info:    ... okay on input line 599.
LaTeX Font Info:    Checking defaults for OT1/cmr/m/n on input line 599.
LaTeX Font Info:    ... okay on input line 599.
LaTeX Font Info:    Checking defaults for T1/cmr/m/n on input line 599.
LaTeX Font Info:    ... okay on input line 599.
LaTeX Font Info:    Checking defaults for TS1/cmr/m/n on input line 599.
LaTeX Font Info:    ... okay on input line 599.
LaTeX Font Info:    Checking defaults for OMX/cmex/m/n on input line 599.
LaTeX Font Info:    ... okay on input line 599.
LaTeX Font Info:    Checking defaults for U/cmr/m/n on input line 599.
LaTeX Font Info:    ... okay on input line 599.
LaTeX Font Info:    Checking defaults for PD1/pdf/m/n on input line 599.
LaTeX Font Info:    ... okay on input line 599.
LaTeX Font Info:    Checking defaults for PU/pdf/m/n on input line 599.
LaTeX Font Info:    ... okay on input line 599.
Package caption Info: Begin \AtBeginDocument code.
Package caption Info: float package is loaded.
Package caption Info: hyperref package is loaded.
Package caption Info: longtable package is loaded.
(/Users/sebastiansciarra/Library/TinyTeX/texmf-dist/tex/latex/caption/ltcaption.sty
Package: ltcaption 2021/01/08 v1.4c longtable captions (AR)
)
Package caption Info: rotating package is loaded.
Package caption Info: threeparttable package is loaded.
Package caption Info: wrapfig package is loaded.
Package caption Info: End \AtBeginDocument code.
(/Users/sebastiansciarra/Library/TinyTeX/texmf-dist/tex/latex/epstopdf-pkg/epstopdf-base.sty
Package: epstopdf-base 2020-01-24 v2.11 Base part for package epstopdf
Package epstopdf-base Info: Redefining graphics rule for `.eps' on input line 485.
(/Users/sebastiansciarra/Library/TinyTeX/texmf-dist/tex/latex/latexconfig/epstopdf-sys.cfg
File: epstopdf-sys.cfg 2010/07/13 v1.3 Configuration of (r)epstopdf for TeX Live
))
*geometry* driver: auto-detecting
*geometry* detected driver: pdftex
*geometry* verbose mode - [ preamble ] result:
* driver: pdftex
* paper: a4paper
* layout: <same size as paper>
* layoutoffset:(h,v)=(0.0pt,0.0pt)
* modes: twoside 
* h-part:(L,W,R)=(72.2698pt, 452.96826pt, 72.2698pt)
* v-part:(T,H,B)=(72.2698pt, 672.05447pt, 100.72256pt)
* \paperwidth=597.50787pt
* \paperheight=845.04684pt
* \textwidth=452.96826pt
* \textheight=672.05447pt
* \oddsidemargin=-0.00018pt
* \evensidemargin=-0.00018pt
* \topmargin=-35.623pt
* \headheight=0.0pt
* \headsep=35.62282pt
* \topskip=12.0pt
* \footskip=28.45274pt
* \marginparwidth=98.0pt
* \marginparsep=7.0pt
* \columnsep=10.0pt
* \skip\footins=28.45274pt
* \hoffset=0.0pt
* \voffset=0.0pt
* \mag=1000
* \@twocolumnfalse
* \@twosidetrue
* \@mparswitchtrue
* \@reversemarginfalse
* (1in=72.27pt=25.4mm, 1cm=28.453pt)

Package hyperref Info: Link coloring ON on input line 599.
(./thesis.out) (./thesis.out)
\@outlinefile=\write5
\openout5 = `thesis.out'.

Package biblatex Info: Trying to load language 'english' -> 'english-apa'...
Package biblatex Info: ... file 'english-apa.lbx' found.
(/Users/sebastiansciarra/Library/TinyTeX/texmf-dist/tex/latex/biblatex-apa/english-apa.lbx
File: english-apa.lbx 2022/06/22 v9.16 APA biblatex localisation
Package biblatex Info: Trying to load language 'english'...
Package biblatex Info: ... file 'english.lbx' found.
(/Users/sebastiansciarra/Library/TinyTeX/texmf-dist/tex/latex/biblatex/lbx/english.lbx
File: english.lbx 2022/07/12 v3.18b biblatex localization (PK/MW)
)
Package biblatex Info: Trying to load language 'american' -> 'american-apa'...
Package biblatex Info: ... file 'american-apa.lbx' found.
(/Users/sebastiansciarra/Library/TinyTeX/texmf-dist/tex/latex/biblatex-apa/american-apa.lbx
File: american-apa.lbx 2022/06/22 v9.16 APA biblatex localisation
Package biblatex Info: Trying to load language 'american'...
Package biblatex Info: ... file 'american.lbx' found.
(/Users/sebastiansciarra/Library/TinyTeX/texmf-dist/tex/latex/biblatex/lbx/american.lbx
File: american.lbx 2022/07/12 v3.18b biblatex localization (PK/MW)
Package biblatex Info: Trying to load language 'english'...
Package biblatex Info: ... file 'english.lbx' found.
(/Users/sebastiansciarra/Library/TinyTeX/texmf-dist/tex/latex/biblatex/lbx/english.lbx
File: english.lbx 2022/07/12 v3.18b biblatex localization (PK/MW)
))))
Package biblatex Info: Input encoding 'utf8' detected.
Package biblatex Info: Automatic encoding selection.
(biblatex)             Assuming data encoding 'utf8'.
\openout4 = `thesis.bcf'.

Package biblatex Info: Trying to load bibliographic data...
Package biblatex Info: ... file 'thesis.bbl' found.
(./thesis.bbl

Package biblatex Warning: Biber reported the following issues
(biblatex)                with 'liu2022':
(biblatex)                - Overwriting field 'year' with year value from field 'date' for entry 'liu2022'.


Package biblatex Warning: Biber reported the following issues
(biblatex)                with 'mcneish2018':
(biblatex)                - Overwriting field 'year' with year value from field 'date' for entry 'mcneish2018'.


Package biblatex Warning: Biber reported the following issues
(biblatex)                with 'liu2022':
(biblatex)                - Overwriting field 'year' with year value from field 'date' for entry 'liu2022'.


Package biblatex Warning: Biber reported the following issues
(biblatex)                with 'mcneish2018':
(biblatex)                - Overwriting field 'year' with year value from field 'date' for entry 'mcneish2018'.

)
Package biblatex Info: Reference section=0 on input line 599.
Package biblatex Info: Reference segment=0 on input line 599.
*geometry* verbose mode - [ newgeometry ] result:
* driver: pdftex
* paper: a4paper
* layout: <same size as paper>
* layoutoffset:(h,v)=(0.0pt,0.0pt)
* modes: twoside 
* h-part:(L,W,R)=(71.70107pt, 454.10574pt, 71.70107pt)
* v-part:(T,H,B)=(71.70107pt, 701.64471pt, 71.70107pt)
* \paperwidth=597.50787pt
* \paperheight=845.04684pt
* \textwidth=454.10574pt
* \textheight=701.64471pt
* \oddsidemargin=-0.56892pt
* \evensidemargin=-0.56892pt
* \topmargin=-36.19174pt
* \headheight=0.0pt
* \headsep=35.62282pt
* \topskip=12.0pt
* \footskip=28.45274pt
* \marginparwidth=98.0pt
* \marginparsep=7.0pt
* \columnsep=10.0pt
* \skip\footins=28.45274pt
* \hoffset=0.0pt
* \voffset=0.0pt
* \mag=1000
* \@twocolumnfalse
* \@twosidetrue
* \@mparswitchtrue
* \@reversemarginfalse
* (1in=72.27pt=25.4mm, 1cm=28.453pt)

LaTeX Font Info:    Trying to load font information for TS1+lmr on input line 603.
(/Users/sebastiansciarra/Library/TinyTeX/texmf-dist/tex/latex/lm/ts1lmr.fd
File: ts1lmr.fd 2015/05/01 v1.6.1 Font defs for Latin Modern
) [1{/Users/sebastiansciarra/Library/TinyTeX/texmf-var/fonts/map/pdftex/updmap/pdftex.map}




]

Package hyperref Warning: Token not allowed in a PDF string (Unicode):
(hyperref)                removing `\titlecap' on input line 608.

LaTeX Font Info:    Trying to load font information for OML+lmm on input line 608.
(/Users/sebastiansciarra/Library/TinyTeX/texmf-dist/tex/latex/lm/omllmm.fd
File: omllmm.fd 2015/05/01 v1.6.1 Font defs for Latin Modern
)
LaTeX Font Info:    Trying to load font information for OMS+lmsy on input line 608.
(/Users/sebastiansciarra/Library/TinyTeX/texmf-dist/tex/latex/lm/omslmsy.fd
File: omslmsy.fd 2015/05/01 v1.6.1 Font defs for Latin Modern
)
LaTeX Font Info:    Trying to load font information for OMX+lmex on input line 608.
(/Users/sebastiansciarra/Library/TinyTeX/texmf-dist/tex/latex/lm/omxlmex.fd
File: omxlmex.fd 2015/05/01 v1.6.1 Font defs for Latin Modern
)
LaTeX Font Info:    External font `lmex10' loaded for size
(Font)              <12> on input line 608.
LaTeX Font Info:    External font `lmex10' loaded for size
(Font)              <8> on input line 608.
LaTeX Font Info:    External font `lmex10' loaded for size
(Font)              <6> on input line 608.
LaTeX Font Info:    Trying to load font information for U+lasy on input line 608.
(/Users/sebastiansciarra/Library/TinyTeX/texmf-dist/tex/latex/base/ulasy.fd
File: ulasy.fd 1998/08/17 v2.2e LaTeX symbol font definitions
)
LaTeX Font Info:    Trying to load font information for U+msa on input line 608.
(/Users/sebastiansciarra/Library/TinyTeX/texmf-dist/tex/latex/amsfonts/umsa.fd
File: umsa.fd 2013/01/14 v3.01 AMS symbols A
)
LaTeX Font Info:    Trying to load font information for U+msb on input line 608.
(/Users/sebastiansciarra/Library/TinyTeX/texmf-dist/tex/latex/amsfonts/umsb.fd
File: umsb.fd 2013/01/14 v3.01 AMS symbols B
) [2


]

Package fancyhdr Warning: \headheight is too small (0.0pt): 
(fancyhdr)                Make it at least 14.49998pt, for example:
(fancyhdr)                \setlength{\headheight}{14.49998pt}.
(fancyhdr)                You might also make \topmargin smaller to compensate:
(fancyhdr)                \addtolength{\topmargin}{-14.49998pt}.

[3]

Package hyperref Warning: Token not allowed in a PDF string (Unicode):
(hyperref)                removing `\titlecap' on input line 614.


Package fancyhdr Warning: \headheight is too small (0.0pt): 
(fancyhdr)                Make it at least 14.49998pt, for example:
(fancyhdr)                \setlength{\headheight}{14.49998pt}.
(fancyhdr)                You might also make \topmargin smaller to compensate:
(fancyhdr)                \addtolength{\topmargin}{-14.49998pt}.

[4

]

Package hyperref Warning: Token not allowed in a PDF string (Unicode):
(hyperref)                removing `\titlecap' on input line 617.


Package fancyhdr Warning: \headheight is too small (0.0pt): 
(fancyhdr)                Make it at least 14.49998pt, for example:
(fancyhdr)                \setlength{\headheight}{14.49998pt}.
(fancyhdr)                You might also make \topmargin smaller to compensate:
(fancyhdr)                \addtolength{\topmargin}{-14.49998pt}.

[5

] (./thesis.toc

Package fancyhdr Warning: \headheight is too small (0.0pt): 
(fancyhdr)                Make it at least 14.49998pt, for example:
(fancyhdr)                \setlength{\headheight}{14.49998pt}.
(fancyhdr)                You might also make \topmargin smaller to compensate:
(fancyhdr)                \addtolength{\topmargin}{-14.49998pt}.

[6

]
Overfull \hbox (0.76242pt too wide) in paragraph at lines 37--37
 [][] [][][]\OT1/lmr/m/n/12 Population Val-ues Set for The Fixed-Effect Days- 
 []

)
\tf@toc=\write6
\openout6 = `thesis.toc'.


Package fancyhdr Warning: \headheight is too small (0.0pt): 
(fancyhdr)                Make it at least 14.49998pt, for example:
(fancyhdr)                \setlength{\headheight}{14.49998pt}.
(fancyhdr)                You might also make \topmargin smaller to compensate:
(fancyhdr)                \addtolength{\topmargin}{-14.49998pt}.

[7]

Package fancyhdr Warning: \headheight is too small (0.0pt): 
(fancyhdr)                Make it at least 14.49998pt, for example:
(fancyhdr)                \setlength{\headheight}{14.49998pt}.
(fancyhdr)                You might also make \topmargin smaller to compensate:
(fancyhdr)                \addtolength{\topmargin}{-14.49998pt}.

[8] (./thesis.lot)
\tf@lot=\write7
\openout7 = `thesis.lot'.


Package fancyhdr Warning: \headheight is too small (0.0pt): 
(fancyhdr)                Make it at least 14.49998pt, for example:
(fancyhdr)                \setlength{\headheight}{14.49998pt}.
(fancyhdr)                You might also make \topmargin smaller to compensate:
(fancyhdr)                \addtolength{\topmargin}{-14.49998pt}.

[9

] (./thesis.lof)
\tf@lof=\write8
\openout8 = `thesis.lof'.


Package fancyhdr Warning: \headheight is too small (0.0pt): 
(fancyhdr)                Make it at least 14.49998pt, for example:
(fancyhdr)                \setlength{\headheight}{14.49998pt}.
(fancyhdr)                You might also make \topmargin smaller to compensate:
(fancyhdr)                \addtolength{\topmargin}{-14.49998pt}.

[10

] (./thesis.loab)
\tf@loab=\write9
\openout9 = `thesis.loab'.


Package fancyhdr Warning: \headheight is too small (0.0pt): 
(fancyhdr)                Make it at least 14.49998pt, for example:
(fancyhdr)                \setlength{\headheight}{14.49998pt}.
(fancyhdr)                You might also make \topmargin smaller to compensate:
(fancyhdr)                \addtolength{\topmargin}{-14.49998pt}.

[11

] (./thesis.loa)
\tf@loa=\write10
\openout10 = `thesis.loa'.


Package fancyhdr Warning: \headheight is too small (0.0pt): 
(fancyhdr)                Make it at least 14.49998pt, for example:
(fancyhdr)                \setlength{\headheight}{14.49998pt}.
(fancyhdr)                You might also make \topmargin smaller to compensate:
(fancyhdr)                \addtolength{\topmargin}{-14.49998pt}.

[12

]

Package hyperref Warning: Option `pdfpagemode' has already been used,
(hyperref)                setting the option has no effect on input line 668.

Package hyperref Info: Option `bookmarksopen' set `true' on input line 668.
Package hyperref Info: Option `hypertexnames' set `true' on input line 668.

Package hyperref Warning: Option `colorlinks' has already been used,
(hyperref)                setting the option has no effect on input line 668.


Package hyperref Warning: Option `pdfstartview' has already been used,
(hyperref)                setting the option has no effect on input line 668.

Package hyperref Info: Option `breaklinks' set `true' on input line 668.

Package hyperref Warning: Option `hyperindex' has already been used,
(hyperref)                setting the option has no effect on input line 668.


Package hyperref Warning: Option `backref' has already been used,
(hyperref)                setting the option has no effect on input line 668.

LaTeX Font Info:    Trying to load font information for OT1+lmss on input line 673.
(/Users/sebastiansciarra/Library/TinyTeX/texmf-dist/tex/latex/lm/ot1lmss.fd
File: ot1lmss.fd 2015/05/01 v1.6.1 Font defs for Latin Modern
) [1


]
LaTeX Font Info:    External font `lmex10' loaded for size
(Font)              <10> on input line 687.
LaTeX Font Info:    External font `lmex10' loaded for size
(Font)              <7> on input line 687.
LaTeX Font Info:    External font `lmex10' loaded for size
(Font)              <5> on input line 687.
[2] [3]

LaTeX Warning: Reference `ergodicity' on page 4 undefined on input line 696.

[4] [5] [6]
Overfull \hbox (1.65854pt too wide) in paragraph at lines 712--713
\OT1/lmr/m/n/12 chal-lenges are those from cross-sectional re-search only am-pli-fied (for a re-view, see[][] Bergman
 []

[7] [8] [9] [10] [11] [12] [13] [14]
LaTeX Font Info:    Trying to load font information for OT1+phv on input line 771.
(/Users/sebastiansciarra/Library/TinyTeX/texmf-dist/tex/latex/psnfss/ot1phv.fd
File: ot1phv.fd 2020/03/25 scalable font definitions for OT1/phv.
)
LaTeX Font Info:    Font shape `OT1/phv/m/it' in size <11> not available
(Font)              Font shape `OT1/phv/m/sl' tried instead on input line 771.
<Figures/Monte_Carlo_comparison.png, id=692, 936.49875pt x 528.97626pt>
File: Figures/Monte_Carlo_comparison.png Graphic file (type png)
<use Figures/Monte_Carlo_comparison.png>
Package pdftex.def Info: Figures/Monte_Carlo_comparison.png  used on input line 771.
(pdftex.def)             Requested size: 655.54466pt x 370.28085pt.
LaTeX Font Info:    Font shape `OT1/phv/m/it' in size <9.5> not available
(Font)              Font shape `OT1/phv/m/sl' tried instead on input line 771.
[15

 <./Figures/Monte_Carlo_comparison.png>] [16] [17

] [18]
<Figures/prisma_diagram.png, id=753, 854.19125pt x 517.935pt>
File: Figures/prisma_diagram.png Graphic file (type png)
<use Figures/prisma_diagram.png>
Package pdftex.def Info: Figures/prisma_diagram.png  used on input line 795.
(pdftex.def)             Requested size: 597.92981pt x 362.55202pt.
[19

 <./Figures/prisma_diagram.png>]
*geometry* verbose mode - [ newgeometry ] result:
* driver: pdftex
* paper: a4paper
* layout: <same size as paper>
* layoutoffset:(h,v)=(0.0pt,0.0pt)
* modes: twoside 
* h-part:(L,W,R)=(72.2698pt, 452.96826pt, 72.2698pt)
* v-part:(T,H,B)=(72.2698pt, 700.50723pt, 72.2698pt)
* \paperwidth=597.50787pt
* \paperheight=845.04684pt
* \textwidth=452.96826pt
* \textheight=700.50723pt
* \oddsidemargin=-0.00018pt
* \evensidemargin=-0.00018pt
* \topmargin=-35.623pt
* \headheight=0.0pt
* \headsep=35.62282pt
* \topskip=12.0pt
* \footskip=28.45274pt
* \marginparwidth=98.0pt
* \marginparsep=7.0pt
* \columnsep=10.0pt
* \skip\footins=28.45274pt
* \hoffset=0.0pt
* \voffset=0.0pt
* \mag=1000
* \@twocolumnfalse
* \@twosidetrue
* \@mparswitchtrue
* \@reversemarginfalse
* (1in=72.27pt=25.4mm, 1cm=28.453pt)

LaTeX Font Info:    Calculating math sizes for size <10.5> on input line 816.
LaTeX Font Info:    External font `lmex10' loaded for size
(Font)              <10.5> on input line 816.
LaTeX Font Info:    External font `lmex10' loaded for size
(Font)              <7.34996> on input line 816.
LaTeX Font Info:    External font `lmex10' loaded for size
(Font)              <5.25> on input line 816.
LaTeX Font Info:    Font shape `OT1/phv/m/it' in size <10.5> not available
(Font)              Font shape `OT1/phv/m/sl' tried instead on input line 816.

LaTeX Warning: Hyper reference `Exp3' on page 20 undefined on input line 832.


LaTeX Warning: Hyper reference `Exp2' on page 20 undefined on input line 838.


LaTeX Warning: Hyper reference `Exp2' on page 20 undefined on input line 846.


LaTeX Warning: Hyper reference `Exp3' on page 20 undefined on input line 848.

[20



] [21]
*geometry* verbose mode - [ newgeometry ] result:
* driver: pdftex
* paper: a4paper
* layout: <same size as paper>
* layoutoffset:(h,v)=(0.0pt,0.0pt)
* modes: twoside 
* h-part:(L,W,R)=(72.2698pt, 452.96826pt, 72.2698pt)
* v-part:(T,H,B)=(72.2698pt, 700.50723pt, 72.2698pt)
* \paperwidth=597.50787pt
* \paperheight=845.04684pt
* \textwidth=452.96826pt
* \textheight=700.50723pt
* \oddsidemargin=-0.00018pt
* \evensidemargin=-0.00018pt
* \topmargin=-35.623pt
* \headheight=0.0pt
* \headsep=35.62282pt
* \topskip=12.0pt
* \footskip=28.45274pt
* \marginparwidth=98.0pt
* \marginparsep=7.0pt
* \columnsep=10.0pt
* \skip\footins=28.45274pt
* \hoffset=0.0pt
* \voffset=0.0pt
* \mag=1000
* \@twocolumnfalse
* \@twosidetrue
* \@mparswitchtrue
* \@reversemarginfalse
* (1in=72.27pt=25.4mm, 1cm=28.453pt)

LaTeX Font Info:    Calculating math sizes for size <7.34996> on input line 878.
LaTeX Font Info:    External font `lmex10' loaded for size
(Font)              <5.14494> on input line 878.
LaTeX Font Info:    External font `lmex10' loaded for size
(Font)              <3.67497> on input line 878.

LaTeX Warning: Hyper reference `Exp3' on page 22 undefined on input line 894.


LaTeX Warning: Hyper reference `Exp2' on page 22 undefined on input line 900.


LaTeX Warning: Hyper reference `Exp2' on page 22 undefined on input line 908.


LaTeX Warning: Hyper reference `Exp3' on page 22 undefined on input line 910.

[22




] [23]
Overfull \vbox (6.72644pt too high) has occurred while \output is active []

[24


]
<Figures/polynomial_vs_nonlinear_plot.pdf, id=879, 1734.48pt x 867.24pt>
File: Figures/polynomial_vs_nonlinear_plot.pdf Graphic file (type pdf)
<use Figures/polynomial_vs_nonlinear_plot.pdf>
Package pdftex.def Info: Figures/polynomial_vs_nonlinear_plot.pdf  used on input line 947.
(pdftex.def)             Requested size: 450.95416pt x 225.47708pt.
[25] [26 <./Figures/polynomial_vs_nonlinear_plot.pdf>]
<Figures/parameter_explanation_plot.pdf, id=911, 3257.16875pt x 2353.79375pt>
File: Figures/parameter_explanation_plot.pdf Graphic file (type pdf)
<use Figures/parameter_explanation_plot.pdf>
Package pdftex.def Info: Figures/parameter_explanation_plot.pdf  used on input line 969.
(pdftex.def)             Requested size: 553.71136pt x 400.13965pt.
LaTeX Font Info:    Calculating math sizes for size <9.5> on input line 969.
LaTeX Font Info:    External font `lmex10' loaded for size
(Font)              <9.5> on input line 969.
LaTeX Font Info:    External font `lmex10' loaded for size
(Font)              <6.64996> on input line 969.
LaTeX Font Info:    External font `lmex10' loaded for size
(Font)              <4.75> on input line 969.
[27

 <./Figures/parameter_explanation_plot.pdf>] [28] [29

] [30] [31] [32] [33] [34]

LaTeX Warning: Reference `structured-lgc' on page 35 undefined on input line 1082.


LaTeX Warning: Reference `structured-lgc-code' on page 35 undefined on input line 1082.

[35] [36]

LaTeX Warning: Reference `measurement-schedules' on page 37 undefined on input line 1107.

[37] [38]
*geometry* verbose mode - [ newgeometry ] result:
* driver: pdftex
* paper: a4paper
* layout: <same size as paper>
* layoutoffset:(h,v)=(0.0pt,0.0pt)
* modes: twoside 
* h-part:(L,W,R)=(72.2698pt, 452.96826pt, 72.2698pt)
* v-part:(T,H,B)=(72.2698pt, 700.50723pt, 72.2698pt)
* \paperwidth=597.50787pt
* \paperheight=845.04684pt
* \textwidth=452.96826pt
* \textheight=700.50723pt
* \oddsidemargin=-0.00018pt
* \evensidemargin=-0.00018pt
* \topmargin=-35.623pt
* \headheight=0.0pt
* \headsep=35.62282pt
* \topskip=12.0pt
* \footskip=28.45274pt
* \marginparwidth=98.0pt
* \marginparsep=7.0pt
* \columnsep=10.0pt
* \skip\footins=28.45274pt
* \hoffset=0.0pt
* \voffset=0.0pt
* \mag=1000
* \@twocolumnfalse
* \@twosidetrue
* \@mparswitchtrue
* \@reversemarginfalse
* (1in=72.27pt=25.4mm, 1cm=28.453pt)

[39


] [40] [41


] [42]

LaTeX Warning: Reference `convergence-tables' on page 43 undefined on input line 1214.

[43] [44]
LaTeX Font Info:    Calculating math sizes for size <11> on input line 1233.
LaTeX Font Info:    External font `lmex10' loaded for size
(Font)              <11> on input line 1233.
LaTeX Font Info:    External font `lmex10' loaded for size
(Font)              <7.69997> on input line 1233.
LaTeX Font Info:    External font `lmex10' loaded for size
(Font)              <5.5> on input line 1233.
<Figures/param_estimation_ex.png, id=1099, 314.17375pt x 374.39874pt>
File: Figures/param_estimation_ex.png Graphic file (type png)
<use Figures/param_estimation_ex.png>
Package pdftex.def Info: Figures/param_estimation_ex.png  used on input line 1233.
(pdftex.def)             Requested size: 282.75375pt x 336.95575pt.
[45 <./Figures/param_estimation_ex.png>] [46] [47] [48]

LaTeX Warning: Reference `complete-versions' on page 49 undefined on input line 1275.


Overfull \hbox (3.5571pt too wide) in paragraph at lines 1275--1276
\OT1/lmr/m/n/12 con-tain a bias/precision plot for each of the nine es-ti-mated pa-ram-e-ters. Each bias/precision
 []

[49]

LaTeX Warning: Reference `tab:conv-exp-1' on page 50 undefined on input line 1280.


LaTeX Warning: Reference `convergence-tables' on page 50 undefined on input line 1280.

<Figures/logistic_results_plot_exp1.png, id=1153, 456.70625pt x 594.22pt>
File: Figures/logistic_results_plot_exp1.png Graphic file (type png)
<use Figures/logistic_results_plot_exp1.png>
Package pdftex.def Info: Figures/logistic_results_plot_exp1.png  used on input line 1294.
(pdftex.def)             Requested size: 433.86847pt x 564.5058pt.
[50] [51 <./Figures/logistic_results_plot_exp1.png>] [52]
*geometry* verbose mode - [ newgeometry ] result:
* driver: pdftex
* paper: a4paper
* layout: <same size as paper>
* layoutoffset:(h,v)=(0.0pt,0.0pt)
* modes: twoside 
* h-part:(L,W,R)=(72.2698pt, 452.96826pt, 72.2698pt)
* v-part:(T,H,B)=(72.2698pt, 700.50723pt, 72.2698pt)
* \paperwidth=597.50787pt
* \paperheight=845.04684pt
* \textwidth=452.96826pt
* \textheight=700.50723pt
* \oddsidemargin=-0.00018pt
* \evensidemargin=-0.00018pt
* \topmargin=-35.623pt
* \headheight=0.0pt
* \headsep=35.62282pt
* \topskip=12.0pt
* \footskip=28.45274pt
* \marginparwidth=98.0pt
* \marginparsep=7.0pt
* \columnsep=10.0pt
* \skip\footins=28.45274pt
* \hoffset=0.0pt
* \voffset=0.0pt
* \mag=1000
* \@twocolumnfalse
* \@twosidetrue
* \@mparswitchtrue
* \@reversemarginfalse
* (1in=72.27pt=25.4mm, 1cm=28.453pt)


Overfull \hbox (1.44373pt too wide) in paragraph at lines 1316--1316
[]|[][] 
 []


Overfull \hbox (1.44373pt too wide) in paragraph at lines 1318--1318
[]|[][] 
 []


Overfull \hbox (1.99377pt too wide) in paragraph at lines 1320--1320
[]|[][] 
 []


Overfull \hbox (1.99377pt too wide) in paragraph at lines 1322--1322
[]|[][] 
 []

[53


]
LaTeX Font Info:    Trying to load font information for OMS+phv on input line 1350.
(/Users/sebastiansciarra/Library/TinyTeX/texmf-dist/tex/latex/psnfss/omsphv.fd
File: omsphv.fd 
)
LaTeX Font Info:    Font shape `OMS/phv/m/n' in size <10.5> not available
(Font)              Font shape `OMS/cmsy/m/n' tried instead on input line 1350.
[54


]
<Figures/midpoint_180_plot.pdf, id=1197, 1370.11874pt x 1264.725pt>
File: Figures/midpoint_180_plot.pdf Graphic file (type pdf)
<use Figures/midpoint_180_plot.pdf>
Package pdftex.def Info: Figures/midpoint_180_plot.pdf  used on input line 1362.
(pdftex.def)             Requested size: 342.52884pt x 316.18048pt.
[55 <./Figures/midpoint_180_plot.pdf>]
LaTeX Font Info:    Trying to load font information for OMS+lmr on input line 1372.
(/Users/sebastiansciarra/Library/TinyTeX/texmf-dist/tex/latex/lm/omslmr.fd
File: omslmr.fd 2015/05/01 v1.6.1 Font defs for Latin Modern
)
LaTeX Font Info:    Font shape `OMS/lmr/m/n' in size <12> not available
(Font)              Font shape `OMS/lmsy/m/n' tried instead on input line 1372.

Overfull \hbox (9.93318pt too wide) in paragraph at lines 1372--1382
[]\OT1/lmr/m/n/12 Before pre-sent-ing the re-sults for bias, I pro-vide a de-scrip-tion of the set of bias/precision
 []

[56]
<Figures/density_plots_equal_gamma_exp1.pdf, id=1230, 1416.29124pt x 3386.6525pt>
File: Figures/density_plots_equal_gamma_exp1.pdf Graphic file (type pdf)
<use Figures/density_plots_equal_gamma_exp1.pdf>
Package pdftex.def Info: Figures/density_plots_equal_gamma_exp1.pdf  used on input line 1382.
(pdftex.def)             Requested size: 226.61122pt x 541.87547pt.
[57] [58 <./Figures/density_plots_equal_gamma_exp1.pdf>] [59]
<Figures/exp1_plot_days_equal spacing.pdf, id=1263, 2713.13625pt x 2740.2375pt>
File: Figures/exp1_plot_days_equal spacing.pdf Graphic file (type pdf)
<use Figures/exp1_plot_days_equal spacing.pdf>
Package pdftex.def Info: Figures/exp1_plot_days_equal spacing.pdf  used on input line 1422.
(pdftex.def)             Requested size: 434.11067pt x 438.44696pt.

LaTeX Warning: Reference `tab:param-exp-1' on page 60 undefined on input line 1422.

[60 <./Figures/exp1_plot_days_equal spacing.pdf>] [61] [62]

LaTeX Warning: Reference `tab:summary-table-time-inc-exp1' on page 63 undefined on input line 1474.


LaTeX Warning: Reference `fig:exp1_plot_time_inc' on page 63 undefined on input line 1474.


LaTeX Warning: Reference `tab:summary-table-time-inc-exp1' on page 63 undefined on input line 1474.


LaTeX Warning: Reference `tab:summary-table-time-inc-exp1' on page 63 undefined on input line 1474.


LaTeX Warning: Reference `tab:errorbar-time-inc-nc' on page 63 undefined on input line 1479.


LaTeX Warning: Reference `tab:summary-table-time-inc-exp1' on page 63 undefined on input line 1479.

[63]
<Figures/midpoint_80_plot.pdf, id=1313, 1370.11874pt x 1264.725pt>
File: Figures/midpoint_80_plot.pdf Graphic file (type pdf)
<use Figures/midpoint_80_plot.pdf>
Package pdftex.def Info: Figures/midpoint_80_plot.pdf  used on input line 1489.
(pdftex.def)             Requested size: 342.52884pt x 316.18048pt.

LaTeX Warning: Reference `tab:errorbar-time-inc-nc' on page 64 undefined on input line 1489.

[64 <./Figures/midpoint_80_plot.pdf>]

LaTeX Warning: Reference `fig:exp1_plot_time_inc' on page 65 undefined on input line 1497.


LaTeX Warning: Reference `fig:exp1_plot_time_inc' on page 65 undefined on input line 1499.


LaTeX Warning: Reference `fig:exp1_plot_time_inc' on page 65 undefined on input line 1501.


LaTeX Warning: Reference `fig:exp1_plot_time_inc' on page 65 undefined on input line 1503.


LaTeX Warning: Reference `tab:summary-table-time-inc-exp1' on page 65 undefined on input line 1505.

[65] (./thesis.aux)

LaTeX Warning: There were undefined references.


LaTeX Warning: There were multiply-defined labels.

Package rerunfilecheck Info: File `thesis.out' has not changed.
(rerunfilecheck)             Checksum: 74CD9A05EA23975206015B79D26D513F;12771.
Package logreq Info: Writing requests to 'thesis.run.xml'.
\openout1 = `thesis.run.xml'.

 ) 
Here is how much of TeX's memory you used:
 27702 strings out of 477989
 503686 string characters out of 5837808
 1879346 words of memory out of 5000000
 47030 multiletter control sequences out of 15000+600000
 708326 words of font info for 250 fonts, out of 8000000 for 9000
 14 hyphenation exceptions out of 8191
 104i,16n,106p,2405b,5182s stack positions out of 10000i,1000n,20000p,200000b,200000s

pdfTeX warning (dest): name{modelling-data-sets} has been referenced but does not exist, replaced by a fixed one


pdfTeX warning (dest): name{cite.0@brown1974} has been referenced but does not exist, replaced by a fixed one


pdfTeX warning (dest): name{cite.0@howell2009} has been referenced but does not exist, replaced by a fixed one


pdfTeX warning (dest): name{cite.0@yigit2018} has been referenced but does not exist, replaced by a fixed one


pdfTeX warning (dest): name{cite.0@okada2013} has been referenced but does not exist, replaced by a fixed one


pdfTeX warning (dest): name{precision-mid-ext-exp1} has been referenced but does not exist, replaced by a fixed one


pdfTeX warning (dest): name{cite.0@muthen1997} has been referenced but does not exist, replaced by a fixed one


pdfTeX warning (dest): name{cite.0@loehlin2017} has been referenced but does not exist, replaced by a fixed one


pdfTeX warning (dest): name{cite.0@preacher2015} has been referenced but does not exist, replaced by a fixed one


pdfTeX warning (dest): name{cite.0@borenstein2009} has been referenced but does not exist, replaced by a fixed one


pdfTeX warning (dest): name{cite.0@bosco2015} has been referenced but does not exist, replaced by a fixed one


pdfTeX warning (dest): name{cite.0@rstudio} has been referenced but does not exist, replaced by a fixed one


pdfTeX warning (dest): name{cite.0@halford2005} has been referenced but does not exist, replaced by a fixed one


pdfTeX warning (dest): name{cite.0@mcneish2020} has been referenced but does not exist, replaced by a fixed one


pdfTeX warning (dest): name{cite.0@mcneish2018} has been referenced but does not exist, replaced by a fixed one


pdfTeX warning (dest): name{cite.0@aydin2014} has been referenced but does not exist, replaced by a fixed one


pdfTeX warning (dest): name{cite.0@liu2022} has been referenced but does not exist, replaced by a fixed one


pdfTeX warning (dest): name{cite.0@newsom2020} has been referenced but does not exist, replaced by a fixed one


pdfTeX warning (dest): name{cite.0@orourke2021} has been referenced but does not exist, replaced by a fixed one


pdfTeX warning (dest): name{cite.0@ye2016} has been referenced but does not exist, replaced by a fixed one


pdfTeX warning (dest): name{cite.0@coulombe2016b} has been referenced but does not exist, replaced by a fixed one


pdfTeX warning (dest): name{cite.0@wu2014} has been referenced but does not exist, replaced by a fixed one


pdfTeX warning (dest): name{cite.0@fine2020} has been referenced but does not exist, replaced by a fixed one


pdfTeX warning (dest): name{cite.0@murphy2011} has been referenced but does not exist, replaced by a fixed one


pdfTeX warning (dest): name{cite.0@miller2017} has been referenced but does not exist, replaced by a fixed one


pdfTeX warning (dest): name{cite.0@liu2015} has been referenced but does not exist, replaced by a fixed one


pdfTeX warning (dest): name{cite.0@liu2021} has been referenced but does not exist, replaced by a fixed one


pdfTeX warning (dest): name{cite.0@gasimova2014} has been referenced but does not exist, replaced by a fixed one


pdfTeX warning (dest): name{cite.0@tiberio2008} has been referenced but does not exist, replaced by a fixed one


pdfTeX warning (dest): name{cite.0@stockdale2007} has been referenced but does not exist, replaced by a fixed one


pdfTeX warning (dest): name{cite.0@kenny2014} has been referenced but does not exist, replaced by a fixed one


pdfTeX warning (dest): name{cite.0@stanley2014} has been referenced but does not exist, replaced by a fixed one


pdfTeX warning (dest): name{cite.0@boneau1960} has been referenced but does not exist, replaced by a fixed one


pdfTeX warning (dest): name{cite.0@robert2010} has been referenced but does not exist, replaced by a fixed one


pdfTeX warning (dest): name{cite.0@mehta2005} has been referenced but does not exist, replaced by a fixed one


pdfTeX warning (dest): name{cite.0@mehta2000} has been referenced but does not exist, replaced by a fixed one


pdfTeX warning (dest): name{cite.0@day2011} has been referenced but does not exist, replaced by a fixed one


pdfTeX warning (dest): name{cite.0@cole2009} has been referenced but does not exist, replaced by a fixed one


pdfTeX warning (dest): name{cite.0@chen2014} has been referenced but does not exist, replaced by a fixed one


pdfTeX warning (dest): name{cite.0@dormann2014} has been referenced but does not exist, replaced by a fixed one


pdfTeX warning (dest): name{cite.0@dormann2015} has been referenced but does not exist, replaced by a fixed one


pdfTeX warning (dest): name{cite.0@collins2006} has been referenced but does not exist, replaced by a fixed one


pdfTeX warning (dest): name{cite.0@timmons2015} has been referenced but does not exist, replaced by a fixed one


pdfTeX warning (dest): name{cite.0@fine2019} has been referenced but does not exist, replaced by a fixed one


pdfTeX warning (dest): name{cite.0@finch2017} has been referenced but does not exist, replaced by a fixed one


pdfTeX warning (dest): name{cite.0@coulombe2016} has been referenced but does not exist, replaced by a fixed one


pdfTeX warning (dest): name{cite.0@ostroff2002} has been referenced but does not exist, replaced by a fixed one


pdfTeX warning (dest): name{cite.0@podsakoff2003} has been referenced but does not exist, replaced by a fixed one


pdfTeX warning (dest): name{cite.0@wang2015} has been referenced but does not exist, replaced by a fixed one


pdfTeX warning (dest): name{cite.0@enders2007} has been referenced but does not exist, replaced by a fixed one


pdfTeX warning (dest): name{cite.0@mellenbergh1989} has been referenced but does not exist, replaced by a fixed one


pdfTeX warning (dest): name{cite.0@grimm2010a} has been referenced but does not exist, replaced by a fixed one


pdfTeX warning (dest): name{cite.0@nederhof1985} has been referenced but does not exist, replaced by a fixed one


pdfTeX warning (dest): name{cite.0@orne1962} has been referenced but does not exist, replaced by a fixed one


pdfTeX warning (dest): name{cite.0@newman2008} has been referenced but does not exist, replaced by a fixed one


pdfTeX warning (dest): name{cite.0@dillman2014} has been referenced but does not exist, replaced by a fixed one


pdfTeX warning (dest): name{cite.0@bergman1993} has been referenced but does not exist, replaced by a fixed one


pdfTeX warning (dest): name{cite.0@xia2020} has been referenced but does not exist, replaced by a fixed one


pdfTeX warning (dest): name{cite.0@fournier2017} has been referenced but does not exist, replaced by a fixed one


pdfTeX warning (dest): name{cite.0@murre2015} has been referenced but does not exist, replaced by a fixed one


pdfTeX warning (dest): name{cite.0@burchinal1991} has been referenced but does not exist, replaced by a fixed one


pdfTeX warning (dest): name{cite.0@cudeck2007} has been referenced but does not exist, replaced by a fixed one


pdfTeX warning (dest): name{cite.0@huh2015} has been referenced but does not exist, replaced by a fixed one


pdfTeX warning (dest): name{cite.0@bodenmann2010} has been referenced but does not exist, replaced by a fixed one


pdfTeX warning (dest): name{cite.0@larsen1990} has been referenced but does not exist, replaced by a fixed one


pdfTeX warning (dest): name{cite.0@steel1990} has been referenced but does not exist, replaced by a fixed one


pdfTeX warning (dest): name{cite.0@steel1984} has been referenced but does not exist, replaced by a fixed one


pdfTeX warning (dest): name{cite.0@riketta2008} has been referenced but does not exist, replaced by a fixed one


pdfTeX warning (dest): name{cite.0@hom1992} has been referenced but does not exist, replaced by a fixed one


pdfTeX warning (dest): name{cite.0@griffeth2000} has been referenced but does not exist, replaced by a fixed one


pdfTeX warning (dest): name{cite.0@cohen1993} has been referenced but does not exist, replaced by a fixed one


pdfTeX warning (dest): name{cite.0@ram2013} has been referenced but does not exist, replaced by a fixed one


pdfTeX warning (dest): name{cite.0@wang2007} has been referenced but does not exist, replaced by a fixed one


pdfTeX warning (dest): name{cite.0@raudenbush2002} has been referenced but does not exist, replaced by a fixed one


pdfTeX warning (dest): name{cite.0@beal2015} has been referenced but does not exist, replaced by a fixed one


pdfTeX warning (dest): name{cite.0@hamaker2005} has been referenced but does not exist, replaced by a fixed one


pdfTeX warning (dest): name{cite.0@nixon2011} has been referenced but does not exist, replaced by a fixed one


pdfTeX warning (dest): name{cite.0@fisher2018} has been referenced but does not exist, replaced by a fixed one


pdfTeX warning (dest): name{cite.0@curran2011} has been referenced but does not exist, replaced by a fixed one


pdfTeX warning (dest): name{cite.0@molenaar2009} has been referenced but does not exist, replaced by a fixed one


pdfTeX warning (dest): name{cite.0@molenaar2004} has been referenced but does not exist, replaced by a fixed one


pdfTeX warning (dest): name{cite.0@olaughlin2018} has been referenced but does not exist, replaced by a fixed one


pdfTeX warning (dest): name{cite.0@maxwell2011} has been referenced but does not exist, replaced by a fixed one


pdfTeX warning (dest): name{cite.0@cole2003} has been referenced but does not exist, replaced by a fixed one


pdfTeX warning (dest): name{cite.0@baron1986} has been referenced but does not exist, replaced by a fixed one


pdfTeX warning (dest): name{cite.0@mitchell2013} has been referenced but does not exist, replaced by a fixed one


pdfTeX warning (dest): name{cite.0@maxwell2007} has been referenced but does not exist, replaced by a fixed one


pdfTeX warning (dest): name{cite.0@roe2014b} has been referenced but does not exist, replaced by a fixed one


pdfTeX warning (dest): name{cite.0@mill2011} has been referenced but does not exist, replaced by a fixed one


pdfTeX warning (dest): name{cite.0@whetten1989} has been referenced but does not exist, replaced by a fixed one


pdfTeX warning (dest): name{cite.0@vantilborgh2018} has been referenced but does not exist, replaced by a fixed one


pdfTeX warning (dest): name{cite.0@sonnentag2012} has been referenced but does not exist, replaced by a fixed one


pdfTeX warning (dest): name{cite.0@shipp2015} has been referenced but does not exist, replaced by a fixed one


pdfTeX warning (dest): name{cite.0@roe2008} has been referenced but does not exist, replaced by a fixed one


pdfTeX warning (dest): name{cite.0@ployhart2010} has been referenced but does not exist, replaced by a fixed one


pdfTeX warning (dest): name{cite.0@kunisch2017} has been referenced but does not exist, replaced by a fixed one


pdfTeX warning (dest): name{cite.0@george2000} has been referenced but does not exist, replaced by a fixed one


pdfTeX warning (dest): name{cite.0@aguinis2021} has been referenced but does not exist, replaced by a fixed one


pdfTeX warning (dest): name{cite.0@fried2004} has been referenced but does not exist, replaced by a fixed one


pdfTeX warning (dest): name{cite.0@roe2012} has been referenced but does not exist, replaced by a fixed one


pdfTeX warning (dest): name{cite.0@fisher2008} has been referenced but does not exist, replaced by a fixed one


pdfTeX warning (dest): name{cite.0@dalal2014} has been referenced but does not exist, replaced by a fixed one


pdfTeX warning (dest): name{cite.0@lawrence2001} has been referenced but does not exist, replaced by a fixed one


pdfTeX warning (dest): name{cite.0@mitchell2001} has been referenced but does not exist, replaced by a fixed one


pdfTeX warning (dest): name{cite.0@zaheer1999} has been referenced but does not exist, replaced by a fixed one


pdfTeX warning (dest): name{cite.0@navarro2015} has been referenced but does not exist, replaced by a fixed one

{/Users/sebastiansciarra/Library/TinyTeX/texmf-dist/fonts/enc/dvips/lm/lm-rm.enc}{/Users/sebastiansciarra/Library/TinyTeX/texmf-dist/fonts/enc/dvips/lm/lm-mathex.enc}{/Users/sebastiansciarra/Library/TinyTeX/texmf-dist/fonts/enc/dvips/lm/lm-mathit.enc}{/Users/sebastiansciarra/Library/TinyTeX/texmf-dist/fonts/enc/dvips/lm/lm-mathsy.enc}{/Users/sebastiansciarra/Library/TinyTeX/texmf-dist/fonts/enc/dvips/base/8r.enc}{/Users/sebastiansciarra/Library/TinyTeX/texmf-dist/fonts/enc/dvips/lm/lm-ts1.enc}</Users/sebastiansciarra/Library/TinyTeX/texmf-dist/fonts/type1/public/amsfonts/cm/cmbsy10.pfb></Users/sebastiansciarra/Library/TinyTeX/texmf-dist/fonts/type1/public/amsfonts/cm/cmsy10.pfb></Users/sebastiansciarra/Library/TinyTeX/texmf-dist/fonts/type1/public/amsfonts/euler/eurm10.pfb></Users/sebastiansciarra/Library/TinyTeX/texmf-dist/fonts/type1/public/amsfonts/euler/eurm5.pfb></Users/sebastiansciarra/Library/TinyTeX/texmf-dist/fonts/type1/public/amsfonts/euler/eurm7.pfb></Users/sebastiansciarra/Library/TinyTeX/texmf-dist/fonts/type1/public/lm/lmbx10.pfb></Users/sebastiansciarra/Library/TinyTeX/texmf-dist/fonts/type1/public/lm/lmbx12.pfb></Users/sebastiansciarra/Library/TinyTeX/texmf-dist/fonts/type1/public/lm/lmex10.pfb></Users/sebastiansciarra/Library/TinyTeX/texmf-dist/fonts/type1/public/lm/lmmi10.pfb></Users/sebastiansciarra/Library/TinyTeX/texmf-dist/fonts/type1/public/lm/lmmi12.pfb></Users/sebastiansciarra/Library/TinyTeX/texmf-dist/fonts/type1/public/lm/lmmi5.pfb></Users/sebastiansciarra/Library/TinyTeX/texmf-dist/fonts/type1/public/lm/lmmi6.pfb></Users/sebastiansciarra/Library/TinyTeX/texmf-dist/fonts/type1/public/lm/lmmi7.pfb></Users/sebastiansciarra/Library/TinyTeX/texmf-dist/fonts/type1/public/lm/lmmi8.pfb></Users/sebastiansciarra/Library/TinyTeX/texmf-dist/fonts/type1/public/lm/lmr10.pfb></Users/sebastiansciarra/Library/TinyTeX/texmf-dist/fonts/type1/public/lm/lmr12.pfb></Users/sebastiansciarra/Library/TinyTeX/texmf-dist/fonts/type1/public/lm/lmr5.pfb></Users/sebastiansciarra/Library/TinyTeX/texmf-dist/fonts/type1/public/lm/lmr7.pfb></Users/sebastiansciarra/Library/TinyTeX/texmf-dist/fonts/type1/public/lm/lmr8.pfb></Users/sebastiansciarra/Library/TinyTeX/texmf-dist/fonts/type1/public/lm/lmri10.pfb></Users/sebastiansciarra/Library/TinyTeX/texmf-dist/fonts/type1/public/lm/lmri12.pfb></Users/sebastiansciarra/Library/TinyTeX/texmf-dist/fonts/type1/public/lm/lmss8.pfb></Users/sebastiansciarra/Library/TinyTeX/texmf-dist/fonts/type1/public/lm/lmsy10.pfb></Users/sebastiansciarra/Library/TinyTeX/texmf-dist/fonts/type1/public/lm/lmsy5.pfb></Users/sebastiansciarra/Library/TinyTeX/texmf-dist/fonts/type1/public/lm/lmsy6.pfb></Users/sebastiansciarra/Library/TinyTeX/texmf-dist/fonts/type1/public/lm/lmsy7.pfb></Users/sebastiansciarra/Library/TinyTeX/texmf-dist/fonts/type1/public/amsfonts/symbols/msam7.pfb></Users/sebastiansciarra/Library/TinyTeX/texmf-dist/fonts/type1/public/amsfonts/symbols/msbm10.pfb></Users/sebastiansciarra/Library/TinyTeX/texmf-dist/fonts/type1/public/amsfonts/symbols/msbm7.pfb></Users/sebastiansciarra/Library/TinyTeX/texmf-dist/fonts/type1/urw/helvetic/uhvb8a.pfb></Users/sebastiansciarra/Library/TinyTeX/texmf-dist/fonts/type1/urw/helvetic/uhvr8a.pfb></Users/sebastiansciarra/Library/TinyTeX/texmf-dist/fonts/type1/urw/helvetic/uhvro8a.pfb>
Output written on thesis.pdf (77 pages, 1080173 bytes).
PDF statistics:
 1551 PDF objects out of 1728 (max. 8388607)
 1363 compressed objects within 14 object streams
 343 named destinations out of 1000 (max. 500000)
 599 words of extra memory for PDF output out of 10000 (max. 10000000)

